rm -f *.o *.mod exchange_mc *.x fort.*
gfortran -O2 -g -Wall -Wextra -fcheck=all -fbacktrace -c parameters.f90
gfortran -O2 -g -Wall -Wextra -fcheck=all -fbacktrace -c lattice.f90
gfortran -O2 -g -Wall -Wextra -fcheck=all -fbacktrace -c rng_wrapper.f90
gfortran -O2 -g -Wall -Wextra -fcheck=all -fbacktrace -c bonds.f90
gfortran -O2 -g -Wall -Wextra -fcheck=all -fbacktrace -c exchangeMC.f90
gfortran -O2 -g -Wall -Wextra -fcheck=all -fbacktrace -c main.f90
gfortran -O2 -g -Wall -Wextra -fcheck=all -fbacktrace -I./r1279 -c r1279/r1279.f90 -o r1279.o
gfortran -O2 -g -Wall -Wextra -fcheck=all -fbacktrace -c r1279/ran2.f -o ran2.o
gfortran -O2 -g -Wall -Wextra -fcheck=all -fbacktrace -o exchange_mc parameters.o lattice.o rng_wrapper.o bonds.o exchangeMC.o main.o r1279.o ran2.o
Launching sample 1/1000  seed=123457  ->  ../inputs/part3_samples/part3_s0001.in
Launching sample 2/1000  seed=123458  ->  ../inputs/part3_samples/part3_s0002.in
Launching sample 3/1000  seed=123459  ->  ../inputs/part3_samples/part3_s0003.in
Launching sample 4/1000  seed=123460  ->  ../inputs/part3_samples/part3_s0004.in
Launching sample 5/1000  seed=123461  ->  ../inputs/part3_samples/part3_s0005.in
Launching sample 6/1000  seed=123462  ->  ../inputs/part3_samples/part3_s0006.in
Launching sample 7/1000  seed=123463  ->  ../inputs/part3_samples/part3_s0007.in
Launching sample 8/1000  seed=123464  ->  ../inputs/part3_samples/part3_s0008.in
Launching sample 9/1000  seed=123465  ->  ../inputs/part3_samples/part3_s0009.in
Launching sample 10/1000  seed=123466  ->  ../inputs/part3_samples/part3_s0010.in
Launching sample 11/1000  seed=123467  ->  ../inputs/part3_samples/part3_s0011.in
Launching sample 12/1000  seed=123468  ->  ../inputs/part3_samples/part3_s0012.in
Launching sample 13/1000  seed=123469  ->  ../inputs/part3_samples/part3_s0013.in
Launching sample 14/1000  seed=123470  ->  ../inputs/part3_samples/part3_s0014.in
Launching sample 15/1000  seed=123471  ->  ../inputs/part3_samples/part3_s0015.in
Launching sample 16/1000  seed=123472  ->  ../inputs/part3_samples/part3_s0016.in
Launching sample 17/1000  seed=123473  ->  ../inputs/part3_samples/part3_s0017.in
Launching sample 18/1000  seed=123474  ->  ../inputs/part3_samples/part3_s0018.in
Launching sample 19/1000  seed=123475  ->  ../inputs/part3_samples/part3_s0019.in
Launching sample 20/1000  seed=123476  ->  ../inputs/part3_samples/part3_s0020.in
Launching sample 21/1000  seed=123477  ->  ../inputs/part3_samples/part3_s0021.in
Launching sample 22/1000  seed=123478  ->  ../inputs/part3_samples/part3_s0022.in
Launching sample 23/1000  seed=123479  ->  ../inputs/part3_samples/part3_s0023.in
Launching sample 24/1000  seed=123480  ->  ../inputs/part3_samples/part3_s0024.in
Launching sample 25/1000  seed=123481  ->  ../inputs/part3_samples/part3_s0025.in
Launching sample 26/1000  seed=123482  ->  ../inputs/part3_samples/part3_s0026.in
Launching sample 27/1000  seed=123483  ->  ../inputs/part3_samples/part3_s0027.in
Launching sample 28/1000  seed=123484  ->  ../inputs/part3_samples/part3_s0028.in
Launching sample 29/1000  seed=123485  ->  ../inputs/part3_samples/part3_s0029.in
Launching sample 30/1000  seed=123486  ->  ../inputs/part3_samples/part3_s0030.in
Launching sample 31/1000  seed=123487  ->  ../inputs/part3_samples/part3_s0031.in
Launching sample 32/1000  seed=123488  ->  ../inputs/part3_samples/part3_s0032.in
Launching sample 33/1000  seed=123489  ->  ../inputs/part3_samples/part3_s0033.in
Launching sample 34/1000  seed=123490  ->  ../inputs/part3_samples/part3_s0034.in
Launching sample 35/1000  seed=123491  ->  ../inputs/part3_samples/part3_s0035.in
Launching sample 36/1000  seed=123492  ->  ../inputs/part3_samples/part3_s0036.in
Launching sample 37/1000  seed=123493  ->  ../inputs/part3_samples/part3_s0037.in
Launching sample 38/1000  seed=123494  ->  ../inputs/part3_samples/part3_s0038.in
Launching sample 39/1000  seed=123495  ->  ../inputs/part3_samples/part3_s0039.in
Launching sample 40/1000  seed=123496  ->  ../inputs/part3_samples/part3_s0040.in
Launching sample 41/1000  seed=123497  ->  ../inputs/part3_samples/part3_s0041.in
Launching sample 42/1000  seed=123498  ->  ../inputs/part3_samples/part3_s0042.in
Launching sample 43/1000  seed=123499  ->  ../inputs/part3_samples/part3_s0043.in
Launching sample 44/1000  seed=123500  ->  ../inputs/part3_samples/part3_s0044.in
Launching sample 45/1000  seed=123501  ->  ../inputs/part3_samples/part3_s0045.in
Launching sample 46/1000  seed=123502  ->  ../inputs/part3_samples/part3_s0046.in
Launching sample 47/1000  seed=123503  ->  ../inputs/part3_samples/part3_s0047.in
Launching sample 48/1000  seed=123504  ->  ../inputs/part3_samples/part3_s0048.in
Launching sample 49/1000  seed=123505  ->  ../inputs/part3_samples/part3_s0049.in
Launching sample 50/1000  seed=123506  ->  ../inputs/part3_samples/part3_s0050.in
Launching sample 51/1000  seed=123507  ->  ../inputs/part3_samples/part3_s0051.in
Launching sample 52/1000  seed=123508  ->  ../inputs/part3_samples/part3_s0052.in
Launching sample 53/1000  seed=123509  ->  ../inputs/part3_samples/part3_s0053.in
Launching sample 54/1000  seed=123510  ->  ../inputs/part3_samples/part3_s0054.in
Launching sample 55/1000  seed=123511  ->  ../inputs/part3_samples/part3_s0055.in
Launching sample 56/1000  seed=123512  ->  ../inputs/part3_samples/part3_s0056.in
Launching sample 57/1000  seed=123513  ->  ../inputs/part3_samples/part3_s0057.in
Launching sample 58/1000  seed=123514  ->  ../inputs/part3_samples/part3_s0058.in
Launching sample 59/1000  seed=123515  ->  ../inputs/part3_samples/part3_s0059.in
Launching sample 60/1000  seed=123516  ->  ../inputs/part3_samples/part3_s0060.in
Launching sample 61/1000  seed=123517  ->  ../inputs/part3_samples/part3_s0061.in
Launching sample 62/1000  seed=123518  ->  ../inputs/part3_samples/part3_s0062.in
Launching sample 63/1000  seed=123519  ->  ../inputs/part3_samples/part3_s0063.in
Launching sample 64/1000  seed=123520  ->  ../inputs/part3_samples/part3_s0064.in
Launching sample 65/1000  seed=123521  ->  ../inputs/part3_samples/part3_s0065.in
Launching sample 66/1000  seed=123522  ->  ../inputs/part3_samples/part3_s0066.in
Launching sample 67/1000  seed=123523  ->  ../inputs/part3_samples/part3_s0067.in
Launching sample 68/1000  seed=123524  ->  ../inputs/part3_samples/part3_s0068.in
Launching sample 69/1000  seed=123525  ->  ../inputs/part3_samples/part3_s0069.in
Launching sample 70/1000  seed=123526  ->  ../inputs/part3_samples/part3_s0070.in
Launching sample 71/1000  seed=123527  ->  ../inputs/part3_samples/part3_s0071.in
Launching sample 72/1000  seed=123528  ->  ../inputs/part3_samples/part3_s0072.in
Launching sample 73/1000  seed=123529  ->  ../inputs/part3_samples/part3_s0073.in
Launching sample 74/1000  seed=123530  ->  ../inputs/part3_samples/part3_s0074.in
Launching sample 75/1000  seed=123531  ->  ../inputs/part3_samples/part3_s0075.in
Launching sample 76/1000  seed=123532  ->  ../inputs/part3_samples/part3_s0076.in
Launching sample 77/1000  seed=123533  ->  ../inputs/part3_samples/part3_s0077.in
Launching sample 78/1000  seed=123534  ->  ../inputs/part3_samples/part3_s0078.in
Launching sample 79/1000  seed=123535  ->  ../inputs/part3_samples/part3_s0079.in
Launching sample 80/1000  seed=123536  ->  ../inputs/part3_samples/part3_s0080.in
Launching sample 81/1000  seed=123537  ->  ../inputs/part3_samples/part3_s0081.in
Launching sample 82/1000  seed=123538  ->  ../inputs/part3_samples/part3_s0082.in
Launching sample 83/1000  seed=123539  ->  ../inputs/part3_samples/part3_s0083.in
Launching sample 84/1000  seed=123540  ->  ../inputs/part3_samples/part3_s0084.in
Launching sample 85/1000  seed=123541  ->  ../inputs/part3_samples/part3_s0085.in
Launching sample 86/1000  seed=123542  ->  ../inputs/part3_samples/part3_s0086.in
Launching sample 87/1000  seed=123543  ->  ../inputs/part3_samples/part3_s0087.in
Launching sample 88/1000  seed=123544  ->  ../inputs/part3_samples/part3_s0088.in
Launching sample 89/1000  seed=123545  ->  ../inputs/part3_samples/part3_s0089.in
Launching sample 90/1000  seed=123546  ->  ../inputs/part3_samples/part3_s0090.in
Launching sample 91/1000  seed=123547  ->  ../inputs/part3_samples/part3_s0091.in
Launching sample 92/1000  seed=123548  ->  ../inputs/part3_samples/part3_s0092.in
Launching sample 93/1000  seed=123549  ->  ../inputs/part3_samples/part3_s0093.in
Launching sample 94/1000  seed=123550  ->  ../inputs/part3_samples/part3_s0094.in
Launching sample 95/1000  seed=123551  ->  ../inputs/part3_samples/part3_s0095.in
Launching sample 96/1000  seed=123552  ->  ../inputs/part3_samples/part3_s0096.in
Launching sample 97/1000  seed=123553  ->  ../inputs/part3_samples/part3_s0097.in
Launching sample 98/1000  seed=123554  ->  ../inputs/part3_samples/part3_s0098.in
Launching sample 99/1000  seed=123555  ->  ../inputs/part3_samples/part3_s0099.in
Launching sample 100/1000  seed=123556  ->  ../inputs/part3_samples/part3_s0100.in
Launching sample 101/1000  seed=123557  ->  ../inputs/part3_samples/part3_s0101.in
Launching sample 102/1000  seed=123558  ->  ../inputs/part3_samples/part3_s0102.in
Launching sample 103/1000  seed=123559  ->  ../inputs/part3_samples/part3_s0103.in
Launching sample 104/1000  seed=123560  ->  ../inputs/part3_samples/part3_s0104.in
Launching sample 105/1000  seed=123561  ->  ../inputs/part3_samples/part3_s0105.in
Launching sample 106/1000  seed=123562  ->  ../inputs/part3_samples/part3_s0106.in
Launching sample 107/1000  seed=123563  ->  ../inputs/part3_samples/part3_s0107.in
Launching sample 108/1000  seed=123564  ->  ../inputs/part3_samples/part3_s0108.in
Launching sample 109/1000  seed=123565  ->  ../inputs/part3_samples/part3_s0109.in
Launching sample 110/1000  seed=123566  ->  ../inputs/part3_samples/part3_s0110.in
Launching sample 111/1000  seed=123567  ->  ../inputs/part3_samples/part3_s0111.in
Launching sample 112/1000  seed=123568  ->  ../inputs/part3_samples/part3_s0112.in
Launching sample 113/1000  seed=123569  ->  ../inputs/part3_samples/part3_s0113.in
Launching sample 114/1000  seed=123570  ->  ../inputs/part3_samples/part3_s0114.in
Launching sample 115/1000  seed=123571  ->  ../inputs/part3_samples/part3_s0115.in
Launching sample 116/1000  seed=123572  ->  ../inputs/part3_samples/part3_s0116.in
Launching sample 117/1000  seed=123573  ->  ../inputs/part3_samples/part3_s0117.in
Launching sample 118/1000  seed=123574  ->  ../inputs/part3_samples/part3_s0118.in
Launching sample 119/1000  seed=123575  ->  ../inputs/part3_samples/part3_s0119.in
Launching sample 120/1000  seed=123576  ->  ../inputs/part3_samples/part3_s0120.in
Launching sample 121/1000  seed=123577  ->  ../inputs/part3_samples/part3_s0121.in
Launching sample 122/1000  seed=123578  ->  ../inputs/part3_samples/part3_s0122.in
Launching sample 123/1000  seed=123579  ->  ../inputs/part3_samples/part3_s0123.in
Launching sample 124/1000  seed=123580  ->  ../inputs/part3_samples/part3_s0124.in
Launching sample 125/1000  seed=123581  ->  ../inputs/part3_samples/part3_s0125.in
Launching sample 126/1000  seed=123582  ->  ../inputs/part3_samples/part3_s0126.in
Launching sample 127/1000  seed=123583  ->  ../inputs/part3_samples/part3_s0127.in
Launching sample 128/1000  seed=123584  ->  ../inputs/part3_samples/part3_s0128.in
Launching sample 129/1000  seed=123585  ->  ../inputs/part3_samples/part3_s0129.in
Launching sample 130/1000  seed=123586  ->  ../inputs/part3_samples/part3_s0130.in
Launching sample 131/1000  seed=123587  ->  ../inputs/part3_samples/part3_s0131.in
Launching sample 132/1000  seed=123588  ->  ../inputs/part3_samples/part3_s0132.in
Launching sample 133/1000  seed=123589  ->  ../inputs/part3_samples/part3_s0133.in
Launching sample 134/1000  seed=123590  ->  ../inputs/part3_samples/part3_s0134.in
Launching sample 135/1000  seed=123591  ->  ../inputs/part3_samples/part3_s0135.in
Launching sample 136/1000  seed=123592  ->  ../inputs/part3_samples/part3_s0136.in
Launching sample 137/1000  seed=123593  ->  ../inputs/part3_samples/part3_s0137.in
Launching sample 138/1000  seed=123594  ->  ../inputs/part3_samples/part3_s0138.in
Launching sample 139/1000  seed=123595  ->  ../inputs/part3_samples/part3_s0139.in
Launching sample 140/1000  seed=123596  ->  ../inputs/part3_samples/part3_s0140.in
Launching sample 141/1000  seed=123597  ->  ../inputs/part3_samples/part3_s0141.in
Launching sample 142/1000  seed=123598  ->  ../inputs/part3_samples/part3_s0142.in
Launching sample 143/1000  seed=123599  ->  ../inputs/part3_samples/part3_s0143.in
Launching sample 144/1000  seed=123600  ->  ../inputs/part3_samples/part3_s0144.in
Launching sample 145/1000  seed=123601  ->  ../inputs/part3_samples/part3_s0145.in
Launching sample 146/1000  seed=123602  ->  ../inputs/part3_samples/part3_s0146.in
Launching sample 147/1000  seed=123603  ->  ../inputs/part3_samples/part3_s0147.in
Launching sample 148/1000  seed=123604  ->  ../inputs/part3_samples/part3_s0148.in
Launching sample 149/1000  seed=123605  ->  ../inputs/part3_samples/part3_s0149.in
Launching sample 150/1000  seed=123606  ->  ../inputs/part3_samples/part3_s0150.in
Launching sample 151/1000  seed=123607  ->  ../inputs/part3_samples/part3_s0151.in
Launching sample 152/1000  seed=123608  ->  ../inputs/part3_samples/part3_s0152.in
Launching sample 153/1000  seed=123609  ->  ../inputs/part3_samples/part3_s0153.in
Launching sample 154/1000  seed=123610  ->  ../inputs/part3_samples/part3_s0154.in
Launching sample 155/1000  seed=123611  ->  ../inputs/part3_samples/part3_s0155.in
Launching sample 156/1000  seed=123612  ->  ../inputs/part3_samples/part3_s0156.in
Launching sample 157/1000  seed=123613  ->  ../inputs/part3_samples/part3_s0157.in
Launching sample 158/1000  seed=123614  ->  ../inputs/part3_samples/part3_s0158.in
Launching sample 159/1000  seed=123615  ->  ../inputs/part3_samples/part3_s0159.in
Launching sample 160/1000  seed=123616  ->  ../inputs/part3_samples/part3_s0160.in
Launching sample 161/1000  seed=123617  ->  ../inputs/part3_samples/part3_s0161.in
Launching sample 162/1000  seed=123618  ->  ../inputs/part3_samples/part3_s0162.in
Launching sample 163/1000  seed=123619  ->  ../inputs/part3_samples/part3_s0163.in
Launching sample 164/1000  seed=123620  ->  ../inputs/part3_samples/part3_s0164.in
Launching sample 165/1000  seed=123621  ->  ../inputs/part3_samples/part3_s0165.in
Launching sample 166/1000  seed=123622  ->  ../inputs/part3_samples/part3_s0166.in
Launching sample 167/1000  seed=123623  ->  ../inputs/part3_samples/part3_s0167.in
Launching sample 168/1000  seed=123624  ->  ../inputs/part3_samples/part3_s0168.in
Launching sample 169/1000  seed=123625  ->  ../inputs/part3_samples/part3_s0169.in
Launching sample 170/1000  seed=123626  ->  ../inputs/part3_samples/part3_s0170.in
Launching sample 171/1000  seed=123627  ->  ../inputs/part3_samples/part3_s0171.in
Launching sample 172/1000  seed=123628  ->  ../inputs/part3_samples/part3_s0172.in
Launching sample 173/1000  seed=123629  ->  ../inputs/part3_samples/part3_s0173.in
Launching sample 174/1000  seed=123630  ->  ../inputs/part3_samples/part3_s0174.in
Launching sample 175/1000  seed=123631  ->  ../inputs/part3_samples/part3_s0175.in
Launching sample 176/1000  seed=123632  ->  ../inputs/part3_samples/part3_s0176.in
Launching sample 177/1000  seed=123633  ->  ../inputs/part3_samples/part3_s0177.in
Launching sample 178/1000  seed=123634  ->  ../inputs/part3_samples/part3_s0178.in
Launching sample 179/1000  seed=123635  ->  ../inputs/part3_samples/part3_s0179.in
Launching sample 180/1000  seed=123636  ->  ../inputs/part3_samples/part3_s0180.in
Launching sample 181/1000  seed=123637  ->  ../inputs/part3_samples/part3_s0181.in
Launching sample 182/1000  seed=123638  ->  ../inputs/part3_samples/part3_s0182.in
Launching sample 183/1000  seed=123639  ->  ../inputs/part3_samples/part3_s0183.in
Launching sample 184/1000  seed=123640  ->  ../inputs/part3_samples/part3_s0184.in
Launching sample 185/1000  seed=123641  ->  ../inputs/part3_samples/part3_s0185.in
Launching sample 186/1000  seed=123642  ->  ../inputs/part3_samples/part3_s0186.in
Launching sample 187/1000  seed=123643  ->  ../inputs/part3_samples/part3_s0187.in
Launching sample 188/1000  seed=123644  ->  ../inputs/part3_samples/part3_s0188.in
Launching sample 189/1000  seed=123645  ->  ../inputs/part3_samples/part3_s0189.in
Launching sample 190/1000  seed=123646  ->  ../inputs/part3_samples/part3_s0190.in
Launching sample 191/1000  seed=123647  ->  ../inputs/part3_samples/part3_s0191.in
Launching sample 192/1000  seed=123648  ->  ../inputs/part3_samples/part3_s0192.in
Launching sample 193/1000  seed=123649  ->  ../inputs/part3_samples/part3_s0193.in
Launching sample 194/1000  seed=123650  ->  ../inputs/part3_samples/part3_s0194.in
Launching sample 195/1000  seed=123651  ->  ../inputs/part3_samples/part3_s0195.in
Launching sample 196/1000  seed=123652  ->  ../inputs/part3_samples/part3_s0196.in
Launching sample 197/1000  seed=123653  ->  ../inputs/part3_samples/part3_s0197.in
Launching sample 198/1000  seed=123654  ->  ../inputs/part3_samples/part3_s0198.in
Launching sample 199/1000  seed=123655  ->  ../inputs/part3_samples/part3_s0199.in
Launching sample 200/1000  seed=123656  ->  ../inputs/part3_samples/part3_s0200.in
Launching sample 201/1000  seed=123657  ->  ../inputs/part3_samples/part3_s0201.in
Launching sample 202/1000  seed=123658  ->  ../inputs/part3_samples/part3_s0202.in
Launching sample 203/1000  seed=123659  ->  ../inputs/part3_samples/part3_s0203.in
Launching sample 204/1000  seed=123660  ->  ../inputs/part3_samples/part3_s0204.in
Launching sample 205/1000  seed=123661  ->  ../inputs/part3_samples/part3_s0205.in
Launching sample 206/1000  seed=123662  ->  ../inputs/part3_samples/part3_s0206.in
Launching sample 207/1000  seed=123663  ->  ../inputs/part3_samples/part3_s0207.in
Launching sample 208/1000  seed=123664  ->  ../inputs/part3_samples/part3_s0208.in
Launching sample 209/1000  seed=123665  ->  ../inputs/part3_samples/part3_s0209.in
Launching sample 210/1000  seed=123666  ->  ../inputs/part3_samples/part3_s0210.in
Launching sample 211/1000  seed=123667  ->  ../inputs/part3_samples/part3_s0211.in
Launching sample 212/1000  seed=123668  ->  ../inputs/part3_samples/part3_s0212.in
Launching sample 213/1000  seed=123669  ->  ../inputs/part3_samples/part3_s0213.in
Launching sample 214/1000  seed=123670  ->  ../inputs/part3_samples/part3_s0214.in
Launching sample 215/1000  seed=123671  ->  ../inputs/part3_samples/part3_s0215.in
Launching sample 216/1000  seed=123672  ->  ../inputs/part3_samples/part3_s0216.in
Launching sample 217/1000  seed=123673  ->  ../inputs/part3_samples/part3_s0217.in
Launching sample 218/1000  seed=123674  ->  ../inputs/part3_samples/part3_s0218.in
Launching sample 219/1000  seed=123675  ->  ../inputs/part3_samples/part3_s0219.in
Launching sample 220/1000  seed=123676  ->  ../inputs/part3_samples/part3_s0220.in
Launching sample 221/1000  seed=123677  ->  ../inputs/part3_samples/part3_s0221.in
Launching sample 222/1000  seed=123678  ->  ../inputs/part3_samples/part3_s0222.in
Launching sample 223/1000  seed=123679  ->  ../inputs/part3_samples/part3_s0223.in
Launching sample 224/1000  seed=123680  ->  ../inputs/part3_samples/part3_s0224.in
Launching sample 225/1000  seed=123681  ->  ../inputs/part3_samples/part3_s0225.in
Launching sample 226/1000  seed=123682  ->  ../inputs/part3_samples/part3_s0226.in
Launching sample 227/1000  seed=123683  ->  ../inputs/part3_samples/part3_s0227.in
Launching sample 228/1000  seed=123684  ->  ../inputs/part3_samples/part3_s0228.in
Launching sample 229/1000  seed=123685  ->  ../inputs/part3_samples/part3_s0229.in
Launching sample 230/1000  seed=123686  ->  ../inputs/part3_samples/part3_s0230.in
Launching sample 231/1000  seed=123687  ->  ../inputs/part3_samples/part3_s0231.in
Launching sample 232/1000  seed=123688  ->  ../inputs/part3_samples/part3_s0232.in
Launching sample 233/1000  seed=123689  ->  ../inputs/part3_samples/part3_s0233.in
Launching sample 234/1000  seed=123690  ->  ../inputs/part3_samples/part3_s0234.in
Launching sample 235/1000  seed=123691  ->  ../inputs/part3_samples/part3_s0235.in
Launching sample 236/1000  seed=123692  ->  ../inputs/part3_samples/part3_s0236.in
Launching sample 237/1000  seed=123693  ->  ../inputs/part3_samples/part3_s0237.in
Launching sample 238/1000  seed=123694  ->  ../inputs/part3_samples/part3_s0238.in
Launching sample 239/1000  seed=123695  ->  ../inputs/part3_samples/part3_s0239.in
Launching sample 240/1000  seed=123696  ->  ../inputs/part3_samples/part3_s0240.in
Launching sample 241/1000  seed=123697  ->  ../inputs/part3_samples/part3_s0241.in
Launching sample 242/1000  seed=123698  ->  ../inputs/part3_samples/part3_s0242.in
Launching sample 243/1000  seed=123699  ->  ../inputs/part3_samples/part3_s0243.in
Launching sample 244/1000  seed=123700  ->  ../inputs/part3_samples/part3_s0244.in
Launching sample 245/1000  seed=123701  ->  ../inputs/part3_samples/part3_s0245.in
Launching sample 246/1000  seed=123702  ->  ../inputs/part3_samples/part3_s0246.in
Launching sample 247/1000  seed=123703  ->  ../inputs/part3_samples/part3_s0247.in
Launching sample 248/1000  seed=123704  ->  ../inputs/part3_samples/part3_s0248.in
Launching sample 249/1000  seed=123705  ->  ../inputs/part3_samples/part3_s0249.in
Launching sample 250/1000  seed=123706  ->  ../inputs/part3_samples/part3_s0250.in
Launching sample 251/1000  seed=123707  ->  ../inputs/part3_samples/part3_s0251.in
Launching sample 252/1000  seed=123708  ->  ../inputs/part3_samples/part3_s0252.in
Launching sample 253/1000  seed=123709  ->  ../inputs/part3_samples/part3_s0253.in
Launching sample 254/1000  seed=123710  ->  ../inputs/part3_samples/part3_s0254.in
Launching sample 255/1000  seed=123711  ->  ../inputs/part3_samples/part3_s0255.in
Launching sample 256/1000  seed=123712  ->  ../inputs/part3_samples/part3_s0256.in
Launching sample 257/1000  seed=123713  ->  ../inputs/part3_samples/part3_s0257.in
Launching sample 258/1000  seed=123714  ->  ../inputs/part3_samples/part3_s0258.in
Launching sample 259/1000  seed=123715  ->  ../inputs/part3_samples/part3_s0259.in
Launching sample 260/1000  seed=123716  ->  ../inputs/part3_samples/part3_s0260.in
Launching sample 261/1000  seed=123717  ->  ../inputs/part3_samples/part3_s0261.in
Launching sample 262/1000  seed=123718  ->  ../inputs/part3_samples/part3_s0262.in
Launching sample 263/1000  seed=123719  ->  ../inputs/part3_samples/part3_s0263.in
Launching sample 264/1000  seed=123720  ->  ../inputs/part3_samples/part3_s0264.in
Launching sample 265/1000  seed=123721  ->  ../inputs/part3_samples/part3_s0265.in
Launching sample 266/1000  seed=123722  ->  ../inputs/part3_samples/part3_s0266.in
Launching sample 267/1000  seed=123723  ->  ../inputs/part3_samples/part3_s0267.in
Launching sample 268/1000  seed=123724  ->  ../inputs/part3_samples/part3_s0268.in
Launching sample 269/1000  seed=123725  ->  ../inputs/part3_samples/part3_s0269.in
Launching sample 270/1000  seed=123726  ->  ../inputs/part3_samples/part3_s0270.in
Launching sample 271/1000  seed=123727  ->  ../inputs/part3_samples/part3_s0271.in
Launching sample 272/1000  seed=123728  ->  ../inputs/part3_samples/part3_s0272.in
Launching sample 273/1000  seed=123729  ->  ../inputs/part3_samples/part3_s0273.in
Launching sample 274/1000  seed=123730  ->  ../inputs/part3_samples/part3_s0274.in
Launching sample 275/1000  seed=123731  ->  ../inputs/part3_samples/part3_s0275.in
Launching sample 276/1000  seed=123732  ->  ../inputs/part3_samples/part3_s0276.in
Launching sample 277/1000  seed=123733  ->  ../inputs/part3_samples/part3_s0277.in
Launching sample 278/1000  seed=123734  ->  ../inputs/part3_samples/part3_s0278.in
Launching sample 279/1000  seed=123735  ->  ../inputs/part3_samples/part3_s0279.in
Launching sample 280/1000  seed=123736  ->  ../inputs/part3_samples/part3_s0280.in
Launching sample 281/1000  seed=123737  ->  ../inputs/part3_samples/part3_s0281.in
Launching sample 282/1000  seed=123738  ->  ../inputs/part3_samples/part3_s0282.in
Launching sample 283/1000  seed=123739  ->  ../inputs/part3_samples/part3_s0283.in
Launching sample 284/1000  seed=123740  ->  ../inputs/part3_samples/part3_s0284.in
Launching sample 285/1000  seed=123741  ->  ../inputs/part3_samples/part3_s0285.in
Launching sample 286/1000  seed=123742  ->  ../inputs/part3_samples/part3_s0286.in
Launching sample 287/1000  seed=123743  ->  ../inputs/part3_samples/part3_s0287.in
Launching sample 288/1000  seed=123744  ->  ../inputs/part3_samples/part3_s0288.in
Launching sample 289/1000  seed=123745  ->  ../inputs/part3_samples/part3_s0289.in
Launching sample 290/1000  seed=123746  ->  ../inputs/part3_samples/part3_s0290.in
Launching sample 291/1000  seed=123747  ->  ../inputs/part3_samples/part3_s0291.in
Launching sample 292/1000  seed=123748  ->  ../inputs/part3_samples/part3_s0292.in
Launching sample 293/1000  seed=123749  ->  ../inputs/part3_samples/part3_s0293.in
Launching sample 294/1000  seed=123750  ->  ../inputs/part3_samples/part3_s0294.in
Launching sample 295/1000  seed=123751  ->  ../inputs/part3_samples/part3_s0295.in
Launching sample 296/1000  seed=123752  ->  ../inputs/part3_samples/part3_s0296.in
Launching sample 297/1000  seed=123753  ->  ../inputs/part3_samples/part3_s0297.in
Launching sample 298/1000  seed=123754  ->  ../inputs/part3_samples/part3_s0298.in
Launching sample 299/1000  seed=123755  ->  ../inputs/part3_samples/part3_s0299.in
Launching sample 300/1000  seed=123756  ->  ../inputs/part3_samples/part3_s0300.in
Launching sample 301/1000  seed=123757  ->  ../inputs/part3_samples/part3_s0301.in
Launching sample 302/1000  seed=123758  ->  ../inputs/part3_samples/part3_s0302.in
Launching sample 303/1000  seed=123759  ->  ../inputs/part3_samples/part3_s0303.in
Launching sample 304/1000  seed=123760  ->  ../inputs/part3_samples/part3_s0304.in
Launching sample 305/1000  seed=123761  ->  ../inputs/part3_samples/part3_s0305.in
Launching sample 306/1000  seed=123762  ->  ../inputs/part3_samples/part3_s0306.in
Launching sample 307/1000  seed=123763  ->  ../inputs/part3_samples/part3_s0307.in
Launching sample 308/1000  seed=123764  ->  ../inputs/part3_samples/part3_s0308.in
Launching sample 309/1000  seed=123765  ->  ../inputs/part3_samples/part3_s0309.in
Launching sample 310/1000  seed=123766  ->  ../inputs/part3_samples/part3_s0310.in
Launching sample 311/1000  seed=123767  ->  ../inputs/part3_samples/part3_s0311.in
Launching sample 312/1000  seed=123768  ->  ../inputs/part3_samples/part3_s0312.in
Launching sample 313/1000  seed=123769  ->  ../inputs/part3_samples/part3_s0313.in
Launching sample 314/1000  seed=123770  ->  ../inputs/part3_samples/part3_s0314.in
Launching sample 315/1000  seed=123771  ->  ../inputs/part3_samples/part3_s0315.in
Launching sample 316/1000  seed=123772  ->  ../inputs/part3_samples/part3_s0316.in
Launching sample 317/1000  seed=123773  ->  ../inputs/part3_samples/part3_s0317.in
Launching sample 318/1000  seed=123774  ->  ../inputs/part3_samples/part3_s0318.in
Launching sample 319/1000  seed=123775  ->  ../inputs/part3_samples/part3_s0319.in
Launching sample 320/1000  seed=123776  ->  ../inputs/part3_samples/part3_s0320.in
Launching sample 321/1000  seed=123777  ->  ../inputs/part3_samples/part3_s0321.in
Launching sample 322/1000  seed=123778  ->  ../inputs/part3_samples/part3_s0322.in
Launching sample 323/1000  seed=123779  ->  ../inputs/part3_samples/part3_s0323.in
Launching sample 324/1000  seed=123780  ->  ../inputs/part3_samples/part3_s0324.in
Launching sample 325/1000  seed=123781  ->  ../inputs/part3_samples/part3_s0325.in
Launching sample 326/1000  seed=123782  ->  ../inputs/part3_samples/part3_s0326.in
Launching sample 327/1000  seed=123783  ->  ../inputs/part3_samples/part3_s0327.in
Launching sample 328/1000  seed=123784  ->  ../inputs/part3_samples/part3_s0328.in
Launching sample 329/1000  seed=123785  ->  ../inputs/part3_samples/part3_s0329.in
Launching sample 330/1000  seed=123786  ->  ../inputs/part3_samples/part3_s0330.in
Launching sample 331/1000  seed=123787  ->  ../inputs/part3_samples/part3_s0331.in
Launching sample 332/1000  seed=123788  ->  ../inputs/part3_samples/part3_s0332.in
Launching sample 333/1000  seed=123789  ->  ../inputs/part3_samples/part3_s0333.in
Launching sample 334/1000  seed=123790  ->  ../inputs/part3_samples/part3_s0334.in
Launching sample 335/1000  seed=123791  ->  ../inputs/part3_samples/part3_s0335.in
Launching sample 336/1000  seed=123792  ->  ../inputs/part3_samples/part3_s0336.in
Launching sample 337/1000  seed=123793  ->  ../inputs/part3_samples/part3_s0337.in
Launching sample 338/1000  seed=123794  ->  ../inputs/part3_samples/part3_s0338.in
Launching sample 339/1000  seed=123795  ->  ../inputs/part3_samples/part3_s0339.in
Launching sample 340/1000  seed=123796  ->  ../inputs/part3_samples/part3_s0340.in
Launching sample 341/1000  seed=123797  ->  ../inputs/part3_samples/part3_s0341.in
Launching sample 342/1000  seed=123798  ->  ../inputs/part3_samples/part3_s0342.in
Launching sample 343/1000  seed=123799  ->  ../inputs/part3_samples/part3_s0343.in
Launching sample 344/1000  seed=123800  ->  ../inputs/part3_samples/part3_s0344.in
Launching sample 345/1000  seed=123801  ->  ../inputs/part3_samples/part3_s0345.in
Launching sample 346/1000  seed=123802  ->  ../inputs/part3_samples/part3_s0346.in
Launching sample 347/1000  seed=123803  ->  ../inputs/part3_samples/part3_s0347.in
Launching sample 348/1000  seed=123804  ->  ../inputs/part3_samples/part3_s0348.in
Launching sample 349/1000  seed=123805  ->  ../inputs/part3_samples/part3_s0349.in
Launching sample 350/1000  seed=123806  ->  ../inputs/part3_samples/part3_s0350.in
Launching sample 351/1000  seed=123807  ->  ../inputs/part3_samples/part3_s0351.in
Launching sample 352/1000  seed=123808  ->  ../inputs/part3_samples/part3_s0352.in
Launching sample 353/1000  seed=123809  ->  ../inputs/part3_samples/part3_s0353.in
Launching sample 354/1000  seed=123810  ->  ../inputs/part3_samples/part3_s0354.in
Launching sample 355/1000  seed=123811  ->  ../inputs/part3_samples/part3_s0355.in
Launching sample 356/1000  seed=123812  ->  ../inputs/part3_samples/part3_s0356.in
Launching sample 357/1000  seed=123813  ->  ../inputs/part3_samples/part3_s0357.in
Launching sample 358/1000  seed=123814  ->  ../inputs/part3_samples/part3_s0358.in
Launching sample 359/1000  seed=123815  ->  ../inputs/part3_samples/part3_s0359.in
Launching sample 360/1000  seed=123816  ->  ../inputs/part3_samples/part3_s0360.in
Launching sample 361/1000  seed=123817  ->  ../inputs/part3_samples/part3_s0361.in
Launching sample 362/1000  seed=123818  ->  ../inputs/part3_samples/part3_s0362.in
Launching sample 363/1000  seed=123819  ->  ../inputs/part3_samples/part3_s0363.in
Launching sample 364/1000  seed=123820  ->  ../inputs/part3_samples/part3_s0364.in
Launching sample 365/1000  seed=123821  ->  ../inputs/part3_samples/part3_s0365.in
Launching sample 366/1000  seed=123822  ->  ../inputs/part3_samples/part3_s0366.in
Launching sample 367/1000  seed=123823  ->  ../inputs/part3_samples/part3_s0367.in
Launching sample 368/1000  seed=123824  ->  ../inputs/part3_samples/part3_s0368.in
Launching sample 369/1000  seed=123825  ->  ../inputs/part3_samples/part3_s0369.in
Launching sample 370/1000  seed=123826  ->  ../inputs/part3_samples/part3_s0370.in
Launching sample 371/1000  seed=123827  ->  ../inputs/part3_samples/part3_s0371.in
Launching sample 372/1000  seed=123828  ->  ../inputs/part3_samples/part3_s0372.in
Launching sample 373/1000  seed=123829  ->  ../inputs/part3_samples/part3_s0373.in
Launching sample 374/1000  seed=123830  ->  ../inputs/part3_samples/part3_s0374.in
Launching sample 375/1000  seed=123831  ->  ../inputs/part3_samples/part3_s0375.in
Launching sample 376/1000  seed=123832  ->  ../inputs/part3_samples/part3_s0376.in
Launching sample 377/1000  seed=123833  ->  ../inputs/part3_samples/part3_s0377.in
Launching sample 378/1000  seed=123834  ->  ../inputs/part3_samples/part3_s0378.in
Launching sample 379/1000  seed=123835  ->  ../inputs/part3_samples/part3_s0379.in
Launching sample 380/1000  seed=123836  ->  ../inputs/part3_samples/part3_s0380.in
Launching sample 381/1000  seed=123837  ->  ../inputs/part3_samples/part3_s0381.in
Launching sample 382/1000  seed=123838  ->  ../inputs/part3_samples/part3_s0382.in
Launching sample 383/1000  seed=123839  ->  ../inputs/part3_samples/part3_s0383.in
Launching sample 384/1000  seed=123840  ->  ../inputs/part3_samples/part3_s0384.in
Launching sample 385/1000  seed=123841  ->  ../inputs/part3_samples/part3_s0385.in
Launching sample 386/1000  seed=123842  ->  ../inputs/part3_samples/part3_s0386.in
Launching sample 387/1000  seed=123843  ->  ../inputs/part3_samples/part3_s0387.in
Launching sample 388/1000  seed=123844  ->  ../inputs/part3_samples/part3_s0388.in
Launching sample 389/1000  seed=123845  ->  ../inputs/part3_samples/part3_s0389.in
Launching sample 390/1000  seed=123846  ->  ../inputs/part3_samples/part3_s0390.in
Launching sample 391/1000  seed=123847  ->  ../inputs/part3_samples/part3_s0391.in
Launching sample 392/1000  seed=123848  ->  ../inputs/part3_samples/part3_s0392.in
Launching sample 393/1000  seed=123849  ->  ../inputs/part3_samples/part3_s0393.in
Launching sample 394/1000  seed=123850  ->  ../inputs/part3_samples/part3_s0394.in
Launching sample 395/1000  seed=123851  ->  ../inputs/part3_samples/part3_s0395.in
Launching sample 396/1000  seed=123852  ->  ../inputs/part3_samples/part3_s0396.in
Launching sample 397/1000  seed=123853  ->  ../inputs/part3_samples/part3_s0397.in
Launching sample 398/1000  seed=123854  ->  ../inputs/part3_samples/part3_s0398.in
Launching sample 399/1000  seed=123855  ->  ../inputs/part3_samples/part3_s0399.in
Launching sample 400/1000  seed=123856  ->  ../inputs/part3_samples/part3_s0400.in
Launching sample 401/1000  seed=123857  ->  ../inputs/part3_samples/part3_s0401.in
Launching sample 402/1000  seed=123858  ->  ../inputs/part3_samples/part3_s0402.in
Launching sample 403/1000  seed=123859  ->  ../inputs/part3_samples/part3_s0403.in
Launching sample 404/1000  seed=123860  ->  ../inputs/part3_samples/part3_s0404.in
Launching sample 405/1000  seed=123861  ->  ../inputs/part3_samples/part3_s0405.in
Launching sample 406/1000  seed=123862  ->  ../inputs/part3_samples/part3_s0406.in
Launching sample 407/1000  seed=123863  ->  ../inputs/part3_samples/part3_s0407.in
Launching sample 408/1000  seed=123864  ->  ../inputs/part3_samples/part3_s0408.in
Launching sample 409/1000  seed=123865  ->  ../inputs/part3_samples/part3_s0409.in
Launching sample 410/1000  seed=123866  ->  ../inputs/part3_samples/part3_s0410.in
Launching sample 411/1000  seed=123867  ->  ../inputs/part3_samples/part3_s0411.in
Launching sample 412/1000  seed=123868  ->  ../inputs/part3_samples/part3_s0412.in
Launching sample 413/1000  seed=123869  ->  ../inputs/part3_samples/part3_s0413.in
Launching sample 414/1000  seed=123870  ->  ../inputs/part3_samples/part3_s0414.in
Launching sample 415/1000  seed=123871  ->  ../inputs/part3_samples/part3_s0415.in
Launching sample 416/1000  seed=123872  ->  ../inputs/part3_samples/part3_s0416.in
Launching sample 417/1000  seed=123873  ->  ../inputs/part3_samples/part3_s0417.in
Launching sample 418/1000  seed=123874  ->  ../inputs/part3_samples/part3_s0418.in
Launching sample 419/1000  seed=123875  ->  ../inputs/part3_samples/part3_s0419.in
Launching sample 420/1000  seed=123876  ->  ../inputs/part3_samples/part3_s0420.in
Launching sample 421/1000  seed=123877  ->  ../inputs/part3_samples/part3_s0421.in
Launching sample 422/1000  seed=123878  ->  ../inputs/part3_samples/part3_s0422.in
Launching sample 423/1000  seed=123879  ->  ../inputs/part3_samples/part3_s0423.in
Launching sample 424/1000  seed=123880  ->  ../inputs/part3_samples/part3_s0424.in
Launching sample 425/1000  seed=123881  ->  ../inputs/part3_samples/part3_s0425.in
Launching sample 426/1000  seed=123882  ->  ../inputs/part3_samples/part3_s0426.in
Launching sample 427/1000  seed=123883  ->  ../inputs/part3_samples/part3_s0427.in
Launching sample 428/1000  seed=123884  ->  ../inputs/part3_samples/part3_s0428.in
Launching sample 429/1000  seed=123885  ->  ../inputs/part3_samples/part3_s0429.in
Launching sample 430/1000  seed=123886  ->  ../inputs/part3_samples/part3_s0430.in
Launching sample 431/1000  seed=123887  ->  ../inputs/part3_samples/part3_s0431.in
Launching sample 432/1000  seed=123888  ->  ../inputs/part3_samples/part3_s0432.in
Launching sample 433/1000  seed=123889  ->  ../inputs/part3_samples/part3_s0433.in
Launching sample 434/1000  seed=123890  ->  ../inputs/part3_samples/part3_s0434.in
Launching sample 435/1000  seed=123891  ->  ../inputs/part3_samples/part3_s0435.in
Launching sample 436/1000  seed=123892  ->  ../inputs/part3_samples/part3_s0436.in
Launching sample 437/1000  seed=123893  ->  ../inputs/part3_samples/part3_s0437.in
Launching sample 438/1000  seed=123894  ->  ../inputs/part3_samples/part3_s0438.in
Launching sample 439/1000  seed=123895  ->  ../inputs/part3_samples/part3_s0439.in
Launching sample 440/1000  seed=123896  ->  ../inputs/part3_samples/part3_s0440.in
Launching sample 441/1000  seed=123897  ->  ../inputs/part3_samples/part3_s0441.in
Launching sample 442/1000  seed=123898  ->  ../inputs/part3_samples/part3_s0442.in
Launching sample 443/1000  seed=123899  ->  ../inputs/part3_samples/part3_s0443.in
Launching sample 444/1000  seed=123900  ->  ../inputs/part3_samples/part3_s0444.in
Launching sample 445/1000  seed=123901  ->  ../inputs/part3_samples/part3_s0445.in
Launching sample 446/1000  seed=123902  ->  ../inputs/part3_samples/part3_s0446.in
Launching sample 447/1000  seed=123903  ->  ../inputs/part3_samples/part3_s0447.in
Launching sample 448/1000  seed=123904  ->  ../inputs/part3_samples/part3_s0448.in
Launching sample 449/1000  seed=123905  ->  ../inputs/part3_samples/part3_s0449.in
Launching sample 450/1000  seed=123906  ->  ../inputs/part3_samples/part3_s0450.in
Launching sample 451/1000  seed=123907  ->  ../inputs/part3_samples/part3_s0451.in
Launching sample 452/1000  seed=123908  ->  ../inputs/part3_samples/part3_s0452.in
Launching sample 453/1000  seed=123909  ->  ../inputs/part3_samples/part3_s0453.in
Launching sample 454/1000  seed=123910  ->  ../inputs/part3_samples/part3_s0454.in
Launching sample 455/1000  seed=123911  ->  ../inputs/part3_samples/part3_s0455.in
Launching sample 456/1000  seed=123912  ->  ../inputs/part3_samples/part3_s0456.in
Launching sample 457/1000  seed=123913  ->  ../inputs/part3_samples/part3_s0457.in
Launching sample 458/1000  seed=123914  ->  ../inputs/part3_samples/part3_s0458.in
Launching sample 459/1000  seed=123915  ->  ../inputs/part3_samples/part3_s0459.in
Launching sample 460/1000  seed=123916  ->  ../inputs/part3_samples/part3_s0460.in
Launching sample 461/1000  seed=123917  ->  ../inputs/part3_samples/part3_s0461.in
Launching sample 462/1000  seed=123918  ->  ../inputs/part3_samples/part3_s0462.in
Launching sample 463/1000  seed=123919  ->  ../inputs/part3_samples/part3_s0463.in
Launching sample 464/1000  seed=123920  ->  ../inputs/part3_samples/part3_s0464.in
Launching sample 465/1000  seed=123921  ->  ../inputs/part3_samples/part3_s0465.in
Launching sample 466/1000  seed=123922  ->  ../inputs/part3_samples/part3_s0466.in
Launching sample 467/1000  seed=123923  ->  ../inputs/part3_samples/part3_s0467.in
Launching sample 468/1000  seed=123924  ->  ../inputs/part3_samples/part3_s0468.in
Launching sample 469/1000  seed=123925  ->  ../inputs/part3_samples/part3_s0469.in
Launching sample 470/1000  seed=123926  ->  ../inputs/part3_samples/part3_s0470.in
Launching sample 471/1000  seed=123927  ->  ../inputs/part3_samples/part3_s0471.in
Launching sample 472/1000  seed=123928  ->  ../inputs/part3_samples/part3_s0472.in
Launching sample 473/1000  seed=123929  ->  ../inputs/part3_samples/part3_s0473.in
Launching sample 474/1000  seed=123930  ->  ../inputs/part3_samples/part3_s0474.in
Launching sample 475/1000  seed=123931  ->  ../inputs/part3_samples/part3_s0475.in
Launching sample 476/1000  seed=123932  ->  ../inputs/part3_samples/part3_s0476.in
Launching sample 477/1000  seed=123933  ->  ../inputs/part3_samples/part3_s0477.in
Launching sample 478/1000  seed=123934  ->  ../inputs/part3_samples/part3_s0478.in
Launching sample 479/1000  seed=123935  ->  ../inputs/part3_samples/part3_s0479.in
Launching sample 480/1000  seed=123936  ->  ../inputs/part3_samples/part3_s0480.in
Launching sample 481/1000  seed=123937  ->  ../inputs/part3_samples/part3_s0481.in
Launching sample 482/1000  seed=123938  ->  ../inputs/part3_samples/part3_s0482.in
Launching sample 483/1000  seed=123939  ->  ../inputs/part3_samples/part3_s0483.in
Launching sample 484/1000  seed=123940  ->  ../inputs/part3_samples/part3_s0484.in
Launching sample 485/1000  seed=123941  ->  ../inputs/part3_samples/part3_s0485.in
Launching sample 486/1000  seed=123942  ->  ../inputs/part3_samples/part3_s0486.in
Launching sample 487/1000  seed=123943  ->  ../inputs/part3_samples/part3_s0487.in
Launching sample 488/1000  seed=123944  ->  ../inputs/part3_samples/part3_s0488.in
Launching sample 489/1000  seed=123945  ->  ../inputs/part3_samples/part3_s0489.in
Launching sample 490/1000  seed=123946  ->  ../inputs/part3_samples/part3_s0490.in
Launching sample 491/1000  seed=123947  ->  ../inputs/part3_samples/part3_s0491.in
Launching sample 492/1000  seed=123948  ->  ../inputs/part3_samples/part3_s0492.in
Launching sample 493/1000  seed=123949  ->  ../inputs/part3_samples/part3_s0493.in
Launching sample 494/1000  seed=123950  ->  ../inputs/part3_samples/part3_s0494.in
Launching sample 495/1000  seed=123951  ->  ../inputs/part3_samples/part3_s0495.in
Launching sample 496/1000  seed=123952  ->  ../inputs/part3_samples/part3_s0496.in
Launching sample 497/1000  seed=123953  ->  ../inputs/part3_samples/part3_s0497.in
Launching sample 498/1000  seed=123954  ->  ../inputs/part3_samples/part3_s0498.in
Launching sample 499/1000  seed=123955  ->  ../inputs/part3_samples/part3_s0499.in
Launching sample 500/1000  seed=123956  ->  ../inputs/part3_samples/part3_s0500.in
Launching sample 501/1000  seed=123957  ->  ../inputs/part3_samples/part3_s0501.in
Launching sample 502/1000  seed=123958  ->  ../inputs/part3_samples/part3_s0502.in
Launching sample 503/1000  seed=123959  ->  ../inputs/part3_samples/part3_s0503.in
Launching sample 504/1000  seed=123960  ->  ../inputs/part3_samples/part3_s0504.in
Launching sample 505/1000  seed=123961  ->  ../inputs/part3_samples/part3_s0505.in
Launching sample 506/1000  seed=123962  ->  ../inputs/part3_samples/part3_s0506.in
Launching sample 507/1000  seed=123963  ->  ../inputs/part3_samples/part3_s0507.in
Launching sample 508/1000  seed=123964  ->  ../inputs/part3_samples/part3_s0508.in
Launching sample 509/1000  seed=123965  ->  ../inputs/part3_samples/part3_s0509.in
Launching sample 510/1000  seed=123966  ->  ../inputs/part3_samples/part3_s0510.in
Launching sample 511/1000  seed=123967  ->  ../inputs/part3_samples/part3_s0511.in
Launching sample 512/1000  seed=123968  ->  ../inputs/part3_samples/part3_s0512.in
Launching sample 513/1000  seed=123969  ->  ../inputs/part3_samples/part3_s0513.in
Launching sample 514/1000  seed=123970  ->  ../inputs/part3_samples/part3_s0514.in
Launching sample 515/1000  seed=123971  ->  ../inputs/part3_samples/part3_s0515.in
Launching sample 516/1000  seed=123972  ->  ../inputs/part3_samples/part3_s0516.in
Launching sample 517/1000  seed=123973  ->  ../inputs/part3_samples/part3_s0517.in
Launching sample 518/1000  seed=123974  ->  ../inputs/part3_samples/part3_s0518.in
Launching sample 519/1000  seed=123975  ->  ../inputs/part3_samples/part3_s0519.in
Launching sample 520/1000  seed=123976  ->  ../inputs/part3_samples/part3_s0520.in
Launching sample 521/1000  seed=123977  ->  ../inputs/part3_samples/part3_s0521.in
Launching sample 522/1000  seed=123978  ->  ../inputs/part3_samples/part3_s0522.in
Launching sample 523/1000  seed=123979  ->  ../inputs/part3_samples/part3_s0523.in
Launching sample 524/1000  seed=123980  ->  ../inputs/part3_samples/part3_s0524.in
Launching sample 525/1000  seed=123981  ->  ../inputs/part3_samples/part3_s0525.in
Launching sample 526/1000  seed=123982  ->  ../inputs/part3_samples/part3_s0526.in
Launching sample 527/1000  seed=123983  ->  ../inputs/part3_samples/part3_s0527.in
Launching sample 528/1000  seed=123984  ->  ../inputs/part3_samples/part3_s0528.in
Launching sample 529/1000  seed=123985  ->  ../inputs/part3_samples/part3_s0529.in
Launching sample 530/1000  seed=123986  ->  ../inputs/part3_samples/part3_s0530.in
Launching sample 531/1000  seed=123987  ->  ../inputs/part3_samples/part3_s0531.in
Launching sample 532/1000  seed=123988  ->  ../inputs/part3_samples/part3_s0532.in
Launching sample 533/1000  seed=123989  ->  ../inputs/part3_samples/part3_s0533.in
Launching sample 534/1000  seed=123990  ->  ../inputs/part3_samples/part3_s0534.in
Launching sample 535/1000  seed=123991  ->  ../inputs/part3_samples/part3_s0535.in
Launching sample 536/1000  seed=123992  ->  ../inputs/part3_samples/part3_s0536.in
Launching sample 537/1000  seed=123993  ->  ../inputs/part3_samples/part3_s0537.in
Launching sample 538/1000  seed=123994  ->  ../inputs/part3_samples/part3_s0538.in
Launching sample 539/1000  seed=123995  ->  ../inputs/part3_samples/part3_s0539.in
Launching sample 540/1000  seed=123996  ->  ../inputs/part3_samples/part3_s0540.in
Launching sample 541/1000  seed=123997  ->  ../inputs/part3_samples/part3_s0541.in
Launching sample 542/1000  seed=123998  ->  ../inputs/part3_samples/part3_s0542.in
Launching sample 543/1000  seed=123999  ->  ../inputs/part3_samples/part3_s0543.in
Launching sample 544/1000  seed=124000  ->  ../inputs/part3_samples/part3_s0544.in
Launching sample 545/1000  seed=124001  ->  ../inputs/part3_samples/part3_s0545.in
Launching sample 546/1000  seed=124002  ->  ../inputs/part3_samples/part3_s0546.in
Launching sample 547/1000  seed=124003  ->  ../inputs/part3_samples/part3_s0547.in
Launching sample 548/1000  seed=124004  ->  ../inputs/part3_samples/part3_s0548.in
Launching sample 549/1000  seed=124005  ->  ../inputs/part3_samples/part3_s0549.in
Launching sample 550/1000  seed=124006  ->  ../inputs/part3_samples/part3_s0550.in
Launching sample 551/1000  seed=124007  ->  ../inputs/part3_samples/part3_s0551.in
Launching sample 552/1000  seed=124008  ->  ../inputs/part3_samples/part3_s0552.in
Launching sample 553/1000  seed=124009  ->  ../inputs/part3_samples/part3_s0553.in
Launching sample 554/1000  seed=124010  ->  ../inputs/part3_samples/part3_s0554.in
Launching sample 555/1000  seed=124011  ->  ../inputs/part3_samples/part3_s0555.in
Launching sample 556/1000  seed=124012  ->  ../inputs/part3_samples/part3_s0556.in
Launching sample 557/1000  seed=124013  ->  ../inputs/part3_samples/part3_s0557.in
Launching sample 558/1000  seed=124014  ->  ../inputs/part3_samples/part3_s0558.in
Launching sample 559/1000  seed=124015  ->  ../inputs/part3_samples/part3_s0559.in
Launching sample 560/1000  seed=124016  ->  ../inputs/part3_samples/part3_s0560.in
Launching sample 561/1000  seed=124017  ->  ../inputs/part3_samples/part3_s0561.in
Launching sample 562/1000  seed=124018  ->  ../inputs/part3_samples/part3_s0562.in
Launching sample 563/1000  seed=124019  ->  ../inputs/part3_samples/part3_s0563.in
Launching sample 564/1000  seed=124020  ->  ../inputs/part3_samples/part3_s0564.in
Launching sample 565/1000  seed=124021  ->  ../inputs/part3_samples/part3_s0565.in
Launching sample 566/1000  seed=124022  ->  ../inputs/part3_samples/part3_s0566.in
Launching sample 567/1000  seed=124023  ->  ../inputs/part3_samples/part3_s0567.in
Launching sample 568/1000  seed=124024  ->  ../inputs/part3_samples/part3_s0568.in
Launching sample 569/1000  seed=124025  ->  ../inputs/part3_samples/part3_s0569.in
Launching sample 570/1000  seed=124026  ->  ../inputs/part3_samples/part3_s0570.in
Launching sample 571/1000  seed=124027  ->  ../inputs/part3_samples/part3_s0571.in
Launching sample 572/1000  seed=124028  ->  ../inputs/part3_samples/part3_s0572.in
Launching sample 573/1000  seed=124029  ->  ../inputs/part3_samples/part3_s0573.in
Launching sample 574/1000  seed=124030  ->  ../inputs/part3_samples/part3_s0574.in
Launching sample 575/1000  seed=124031  ->  ../inputs/part3_samples/part3_s0575.in
Launching sample 576/1000  seed=124032  ->  ../inputs/part3_samples/part3_s0576.in
Launching sample 577/1000  seed=124033  ->  ../inputs/part3_samples/part3_s0577.in
Launching sample 578/1000  seed=124034  ->  ../inputs/part3_samples/part3_s0578.in
Launching sample 579/1000  seed=124035  ->  ../inputs/part3_samples/part3_s0579.in
Launching sample 580/1000  seed=124036  ->  ../inputs/part3_samples/part3_s0580.in
Launching sample 581/1000  seed=124037  ->  ../inputs/part3_samples/part3_s0581.in
Launching sample 582/1000  seed=124038  ->  ../inputs/part3_samples/part3_s0582.in
Launching sample 583/1000  seed=124039  ->  ../inputs/part3_samples/part3_s0583.in
Launching sample 584/1000  seed=124040  ->  ../inputs/part3_samples/part3_s0584.in
Launching sample 585/1000  seed=124041  ->  ../inputs/part3_samples/part3_s0585.in
Launching sample 586/1000  seed=124042  ->  ../inputs/part3_samples/part3_s0586.in
Launching sample 587/1000  seed=124043  ->  ../inputs/part3_samples/part3_s0587.in
Launching sample 588/1000  seed=124044  ->  ../inputs/part3_samples/part3_s0588.in
Launching sample 589/1000  seed=124045  ->  ../inputs/part3_samples/part3_s0589.in
Launching sample 590/1000  seed=124046  ->  ../inputs/part3_samples/part3_s0590.in
Launching sample 591/1000  seed=124047  ->  ../inputs/part3_samples/part3_s0591.in
Launching sample 592/1000  seed=124048  ->  ../inputs/part3_samples/part3_s0592.in
Launching sample 593/1000  seed=124049  ->  ../inputs/part3_samples/part3_s0593.in
Launching sample 594/1000  seed=124050  ->  ../inputs/part3_samples/part3_s0594.in
Launching sample 595/1000  seed=124051  ->  ../inputs/part3_samples/part3_s0595.in
Launching sample 596/1000  seed=124052  ->  ../inputs/part3_samples/part3_s0596.in
Launching sample 597/1000  seed=124053  ->  ../inputs/part3_samples/part3_s0597.in
Launching sample 598/1000  seed=124054  ->  ../inputs/part3_samples/part3_s0598.in
Launching sample 599/1000  seed=124055  ->  ../inputs/part3_samples/part3_s0599.in
Launching sample 600/1000  seed=124056  ->  ../inputs/part3_samples/part3_s0600.in
Launching sample 601/1000  seed=124057  ->  ../inputs/part3_samples/part3_s0601.in
Launching sample 602/1000  seed=124058  ->  ../inputs/part3_samples/part3_s0602.in
Launching sample 603/1000  seed=124059  ->  ../inputs/part3_samples/part3_s0603.in
Launching sample 604/1000  seed=124060  ->  ../inputs/part3_samples/part3_s0604.in
Launching sample 605/1000  seed=124061  ->  ../inputs/part3_samples/part3_s0605.in
Launching sample 606/1000  seed=124062  ->  ../inputs/part3_samples/part3_s0606.in
Launching sample 607/1000  seed=124063  ->  ../inputs/part3_samples/part3_s0607.in
Launching sample 608/1000  seed=124064  ->  ../inputs/part3_samples/part3_s0608.in
Launching sample 609/1000  seed=124065  ->  ../inputs/part3_samples/part3_s0609.in
Launching sample 610/1000  seed=124066  ->  ../inputs/part3_samples/part3_s0610.in
Launching sample 611/1000  seed=124067  ->  ../inputs/part3_samples/part3_s0611.in
Launching sample 612/1000  seed=124068  ->  ../inputs/part3_samples/part3_s0612.in
Launching sample 613/1000  seed=124069  ->  ../inputs/part3_samples/part3_s0613.in
Launching sample 614/1000  seed=124070  ->  ../inputs/part3_samples/part3_s0614.in
Launching sample 615/1000  seed=124071  ->  ../inputs/part3_samples/part3_s0615.in
Launching sample 616/1000  seed=124072  ->  ../inputs/part3_samples/part3_s0616.in
Launching sample 617/1000  seed=124073  ->  ../inputs/part3_samples/part3_s0617.in
Launching sample 618/1000  seed=124074  ->  ../inputs/part3_samples/part3_s0618.in
Launching sample 619/1000  seed=124075  ->  ../inputs/part3_samples/part3_s0619.in
Launching sample 620/1000  seed=124076  ->  ../inputs/part3_samples/part3_s0620.in
Launching sample 621/1000  seed=124077  ->  ../inputs/part3_samples/part3_s0621.in
Launching sample 622/1000  seed=124078  ->  ../inputs/part3_samples/part3_s0622.in
Launching sample 623/1000  seed=124079  ->  ../inputs/part3_samples/part3_s0623.in
Launching sample 624/1000  seed=124080  ->  ../inputs/part3_samples/part3_s0624.in
Launching sample 625/1000  seed=124081  ->  ../inputs/part3_samples/part3_s0625.in
Launching sample 626/1000  seed=124082  ->  ../inputs/part3_samples/part3_s0626.in
Launching sample 627/1000  seed=124083  ->  ../inputs/part3_samples/part3_s0627.in
Launching sample 628/1000  seed=124084  ->  ../inputs/part3_samples/part3_s0628.in
Launching sample 629/1000  seed=124085  ->  ../inputs/part3_samples/part3_s0629.in
Launching sample 630/1000  seed=124086  ->  ../inputs/part3_samples/part3_s0630.in
Launching sample 631/1000  seed=124087  ->  ../inputs/part3_samples/part3_s0631.in
Launching sample 632/1000  seed=124088  ->  ../inputs/part3_samples/part3_s0632.in
Launching sample 633/1000  seed=124089  ->  ../inputs/part3_samples/part3_s0633.in
Launching sample 634/1000  seed=124090  ->  ../inputs/part3_samples/part3_s0634.in
Launching sample 635/1000  seed=124091  ->  ../inputs/part3_samples/part3_s0635.in
Launching sample 636/1000  seed=124092  ->  ../inputs/part3_samples/part3_s0636.in
Launching sample 637/1000  seed=124093  ->  ../inputs/part3_samples/part3_s0637.in
Launching sample 638/1000  seed=124094  ->  ../inputs/part3_samples/part3_s0638.in
Launching sample 639/1000  seed=124095  ->  ../inputs/part3_samples/part3_s0639.in
Launching sample 640/1000  seed=124096  ->  ../inputs/part3_samples/part3_s0640.in
Launching sample 641/1000  seed=124097  ->  ../inputs/part3_samples/part3_s0641.in
Launching sample 642/1000  seed=124098  ->  ../inputs/part3_samples/part3_s0642.in
Launching sample 643/1000  seed=124099  ->  ../inputs/part3_samples/part3_s0643.in
Launching sample 644/1000  seed=124100  ->  ../inputs/part3_samples/part3_s0644.in
Launching sample 645/1000  seed=124101  ->  ../inputs/part3_samples/part3_s0645.in
Launching sample 646/1000  seed=124102  ->  ../inputs/part3_samples/part3_s0646.in
Launching sample 647/1000  seed=124103  ->  ../inputs/part3_samples/part3_s0647.in
Launching sample 648/1000  seed=124104  ->  ../inputs/part3_samples/part3_s0648.in
Launching sample 649/1000  seed=124105  ->  ../inputs/part3_samples/part3_s0649.in
Launching sample 650/1000  seed=124106  ->  ../inputs/part3_samples/part3_s0650.in
Launching sample 651/1000  seed=124107  ->  ../inputs/part3_samples/part3_s0651.in
Launching sample 652/1000  seed=124108  ->  ../inputs/part3_samples/part3_s0652.in
Launching sample 653/1000  seed=124109  ->  ../inputs/part3_samples/part3_s0653.in
Launching sample 654/1000  seed=124110  ->  ../inputs/part3_samples/part3_s0654.in
Launching sample 655/1000  seed=124111  ->  ../inputs/part3_samples/part3_s0655.in
Launching sample 656/1000  seed=124112  ->  ../inputs/part3_samples/part3_s0656.in
Launching sample 657/1000  seed=124113  ->  ../inputs/part3_samples/part3_s0657.in
Launching sample 658/1000  seed=124114  ->  ../inputs/part3_samples/part3_s0658.in
Launching sample 659/1000  seed=124115  ->  ../inputs/part3_samples/part3_s0659.in
Launching sample 660/1000  seed=124116  ->  ../inputs/part3_samples/part3_s0660.in
Launching sample 661/1000  seed=124117  ->  ../inputs/part3_samples/part3_s0661.in
Launching sample 662/1000  seed=124118  ->  ../inputs/part3_samples/part3_s0662.in
Launching sample 663/1000  seed=124119  ->  ../inputs/part3_samples/part3_s0663.in
Launching sample 664/1000  seed=124120  ->  ../inputs/part3_samples/part3_s0664.in
Launching sample 665/1000  seed=124121  ->  ../inputs/part3_samples/part3_s0665.in
Launching sample 666/1000  seed=124122  ->  ../inputs/part3_samples/part3_s0666.in
Launching sample 667/1000  seed=124123  ->  ../inputs/part3_samples/part3_s0667.in
Launching sample 668/1000  seed=124124  ->  ../inputs/part3_samples/part3_s0668.in
Launching sample 669/1000  seed=124125  ->  ../inputs/part3_samples/part3_s0669.in
Launching sample 670/1000  seed=124126  ->  ../inputs/part3_samples/part3_s0670.in
Launching sample 671/1000  seed=124127  ->  ../inputs/part3_samples/part3_s0671.in
Launching sample 672/1000  seed=124128  ->  ../inputs/part3_samples/part3_s0672.in
Launching sample 673/1000  seed=124129  ->  ../inputs/part3_samples/part3_s0673.in
Launching sample 674/1000  seed=124130  ->  ../inputs/part3_samples/part3_s0674.in
Launching sample 675/1000  seed=124131  ->  ../inputs/part3_samples/part3_s0675.in
Launching sample 676/1000  seed=124132  ->  ../inputs/part3_samples/part3_s0676.in
Launching sample 677/1000  seed=124133  ->  ../inputs/part3_samples/part3_s0677.in
Launching sample 678/1000  seed=124134  ->  ../inputs/part3_samples/part3_s0678.in
Launching sample 679/1000  seed=124135  ->  ../inputs/part3_samples/part3_s0679.in
Launching sample 680/1000  seed=124136  ->  ../inputs/part3_samples/part3_s0680.in
Launching sample 681/1000  seed=124137  ->  ../inputs/part3_samples/part3_s0681.in
Launching sample 682/1000  seed=124138  ->  ../inputs/part3_samples/part3_s0682.in
Launching sample 683/1000  seed=124139  ->  ../inputs/part3_samples/part3_s0683.in
Launching sample 684/1000  seed=124140  ->  ../inputs/part3_samples/part3_s0684.in
Launching sample 685/1000  seed=124141  ->  ../inputs/part3_samples/part3_s0685.in
Launching sample 686/1000  seed=124142  ->  ../inputs/part3_samples/part3_s0686.in
Launching sample 687/1000  seed=124143  ->  ../inputs/part3_samples/part3_s0687.in
Launching sample 688/1000  seed=124144  ->  ../inputs/part3_samples/part3_s0688.in
Launching sample 689/1000  seed=124145  ->  ../inputs/part3_samples/part3_s0689.in
Launching sample 690/1000  seed=124146  ->  ../inputs/part3_samples/part3_s0690.in
Launching sample 691/1000  seed=124147  ->  ../inputs/part3_samples/part3_s0691.in
Launching sample 692/1000  seed=124148  ->  ../inputs/part3_samples/part3_s0692.in
Launching sample 693/1000  seed=124149  ->  ../inputs/part3_samples/part3_s0693.in
Launching sample 694/1000  seed=124150  ->  ../inputs/part3_samples/part3_s0694.in
Launching sample 695/1000  seed=124151  ->  ../inputs/part3_samples/part3_s0695.in
Launching sample 696/1000  seed=124152  ->  ../inputs/part3_samples/part3_s0696.in
Launching sample 697/1000  seed=124153  ->  ../inputs/part3_samples/part3_s0697.in
Launching sample 698/1000  seed=124154  ->  ../inputs/part3_samples/part3_s0698.in
Launching sample 699/1000  seed=124155  ->  ../inputs/part3_samples/part3_s0699.in
Launching sample 700/1000  seed=124156  ->  ../inputs/part3_samples/part3_s0700.in
Launching sample 701/1000  seed=124157  ->  ../inputs/part3_samples/part3_s0701.in
Launching sample 702/1000  seed=124158  ->  ../inputs/part3_samples/part3_s0702.in
Launching sample 703/1000  seed=124159  ->  ../inputs/part3_samples/part3_s0703.in
Launching sample 704/1000  seed=124160  ->  ../inputs/part3_samples/part3_s0704.in
Launching sample 705/1000  seed=124161  ->  ../inputs/part3_samples/part3_s0705.in
Launching sample 706/1000  seed=124162  ->  ../inputs/part3_samples/part3_s0706.in
Launching sample 707/1000  seed=124163  ->  ../inputs/part3_samples/part3_s0707.in
Launching sample 708/1000  seed=124164  ->  ../inputs/part3_samples/part3_s0708.in
Launching sample 709/1000  seed=124165  ->  ../inputs/part3_samples/part3_s0709.in
Launching sample 710/1000  seed=124166  ->  ../inputs/part3_samples/part3_s0710.in
Launching sample 711/1000  seed=124167  ->  ../inputs/part3_samples/part3_s0711.in
Launching sample 712/1000  seed=124168  ->  ../inputs/part3_samples/part3_s0712.in
Launching sample 713/1000  seed=124169  ->  ../inputs/part3_samples/part3_s0713.in
Launching sample 714/1000  seed=124170  ->  ../inputs/part3_samples/part3_s0714.in
Launching sample 715/1000  seed=124171  ->  ../inputs/part3_samples/part3_s0715.in
Launching sample 716/1000  seed=124172  ->  ../inputs/part3_samples/part3_s0716.in
Launching sample 717/1000  seed=124173  ->  ../inputs/part3_samples/part3_s0717.in
Launching sample 718/1000  seed=124174  ->  ../inputs/part3_samples/part3_s0718.in
Launching sample 719/1000  seed=124175  ->  ../inputs/part3_samples/part3_s0719.in
Launching sample 720/1000  seed=124176  ->  ../inputs/part3_samples/part3_s0720.in
Launching sample 721/1000  seed=124177  ->  ../inputs/part3_samples/part3_s0721.in
Launching sample 722/1000  seed=124178  ->  ../inputs/part3_samples/part3_s0722.in
Launching sample 723/1000  seed=124179  ->  ../inputs/part3_samples/part3_s0723.in
Launching sample 724/1000  seed=124180  ->  ../inputs/part3_samples/part3_s0724.in
Launching sample 725/1000  seed=124181  ->  ../inputs/part3_samples/part3_s0725.in
Launching sample 726/1000  seed=124182  ->  ../inputs/part3_samples/part3_s0726.in
Launching sample 727/1000  seed=124183  ->  ../inputs/part3_samples/part3_s0727.in
Launching sample 728/1000  seed=124184  ->  ../inputs/part3_samples/part3_s0728.in
Launching sample 729/1000  seed=124185  ->  ../inputs/part3_samples/part3_s0729.in
Launching sample 730/1000  seed=124186  ->  ../inputs/part3_samples/part3_s0730.in
Launching sample 731/1000  seed=124187  ->  ../inputs/part3_samples/part3_s0731.in
Launching sample 732/1000  seed=124188  ->  ../inputs/part3_samples/part3_s0732.in
Launching sample 733/1000  seed=124189  ->  ../inputs/part3_samples/part3_s0733.in
Launching sample 734/1000  seed=124190  ->  ../inputs/part3_samples/part3_s0734.in
Launching sample 735/1000  seed=124191  ->  ../inputs/part3_samples/part3_s0735.in
Launching sample 736/1000  seed=124192  ->  ../inputs/part3_samples/part3_s0736.in
Launching sample 737/1000  seed=124193  ->  ../inputs/part3_samples/part3_s0737.in
Launching sample 738/1000  seed=124194  ->  ../inputs/part3_samples/part3_s0738.in
Launching sample 739/1000  seed=124195  ->  ../inputs/part3_samples/part3_s0739.in
Launching sample 740/1000  seed=124196  ->  ../inputs/part3_samples/part3_s0740.in
Launching sample 741/1000  seed=124197  ->  ../inputs/part3_samples/part3_s0741.in
Launching sample 742/1000  seed=124198  ->  ../inputs/part3_samples/part3_s0742.in
Launching sample 743/1000  seed=124199  ->  ../inputs/part3_samples/part3_s0743.in
Launching sample 744/1000  seed=124200  ->  ../inputs/part3_samples/part3_s0744.in
Launching sample 745/1000  seed=124201  ->  ../inputs/part3_samples/part3_s0745.in
Launching sample 746/1000  seed=124202  ->  ../inputs/part3_samples/part3_s0746.in
Launching sample 747/1000  seed=124203  ->  ../inputs/part3_samples/part3_s0747.in
Launching sample 748/1000  seed=124204  ->  ../inputs/part3_samples/part3_s0748.in
Launching sample 749/1000  seed=124205  ->  ../inputs/part3_samples/part3_s0749.in
Launching sample 750/1000  seed=124206  ->  ../inputs/part3_samples/part3_s0750.in
Launching sample 751/1000  seed=124207  ->  ../inputs/part3_samples/part3_s0751.in
Launching sample 752/1000  seed=124208  ->  ../inputs/part3_samples/part3_s0752.in
Launching sample 753/1000  seed=124209  ->  ../inputs/part3_samples/part3_s0753.in
Launching sample 754/1000  seed=124210  ->  ../inputs/part3_samples/part3_s0754.in
Launching sample 755/1000  seed=124211  ->  ../inputs/part3_samples/part3_s0755.in
Launching sample 756/1000  seed=124212  ->  ../inputs/part3_samples/part3_s0756.in
Launching sample 757/1000  seed=124213  ->  ../inputs/part3_samples/part3_s0757.in
Launching sample 758/1000  seed=124214  ->  ../inputs/part3_samples/part3_s0758.in
Launching sample 759/1000  seed=124215  ->  ../inputs/part3_samples/part3_s0759.in
Launching sample 760/1000  seed=124216  ->  ../inputs/part3_samples/part3_s0760.in
Launching sample 761/1000  seed=124217  ->  ../inputs/part3_samples/part3_s0761.in
Launching sample 762/1000  seed=124218  ->  ../inputs/part3_samples/part3_s0762.in
Launching sample 763/1000  seed=124219  ->  ../inputs/part3_samples/part3_s0763.in
Launching sample 764/1000  seed=124220  ->  ../inputs/part3_samples/part3_s0764.in
Launching sample 765/1000  seed=124221  ->  ../inputs/part3_samples/part3_s0765.in
Launching sample 766/1000  seed=124222  ->  ../inputs/part3_samples/part3_s0766.in
Launching sample 767/1000  seed=124223  ->  ../inputs/part3_samples/part3_s0767.in
Launching sample 768/1000  seed=124224  ->  ../inputs/part3_samples/part3_s0768.in
Launching sample 769/1000  seed=124225  ->  ../inputs/part3_samples/part3_s0769.in
Launching sample 770/1000  seed=124226  ->  ../inputs/part3_samples/part3_s0770.in
Launching sample 771/1000  seed=124227  ->  ../inputs/part3_samples/part3_s0771.in
Launching sample 772/1000  seed=124228  ->  ../inputs/part3_samples/part3_s0772.in
Launching sample 773/1000  seed=124229  ->  ../inputs/part3_samples/part3_s0773.in
Launching sample 774/1000  seed=124230  ->  ../inputs/part3_samples/part3_s0774.in
Launching sample 775/1000  seed=124231  ->  ../inputs/part3_samples/part3_s0775.in
Launching sample 776/1000  seed=124232  ->  ../inputs/part3_samples/part3_s0776.in
Launching sample 777/1000  seed=124233  ->  ../inputs/part3_samples/part3_s0777.in
Launching sample 778/1000  seed=124234  ->  ../inputs/part3_samples/part3_s0778.in
Launching sample 779/1000  seed=124235  ->  ../inputs/part3_samples/part3_s0779.in
Launching sample 780/1000  seed=124236  ->  ../inputs/part3_samples/part3_s0780.in
Launching sample 781/1000  seed=124237  ->  ../inputs/part3_samples/part3_s0781.in
Launching sample 782/1000  seed=124238  ->  ../inputs/part3_samples/part3_s0782.in
Launching sample 783/1000  seed=124239  ->  ../inputs/part3_samples/part3_s0783.in
Launching sample 784/1000  seed=124240  ->  ../inputs/part3_samples/part3_s0784.in
Launching sample 785/1000  seed=124241  ->  ../inputs/part3_samples/part3_s0785.in
Launching sample 786/1000  seed=124242  ->  ../inputs/part3_samples/part3_s0786.in
Launching sample 787/1000  seed=124243  ->  ../inputs/part3_samples/part3_s0787.in
Launching sample 788/1000  seed=124244  ->  ../inputs/part3_samples/part3_s0788.in
Launching sample 789/1000  seed=124245  ->  ../inputs/part3_samples/part3_s0789.in
Launching sample 790/1000  seed=124246  ->  ../inputs/part3_samples/part3_s0790.in
Launching sample 791/1000  seed=124247  ->  ../inputs/part3_samples/part3_s0791.in
Launching sample 792/1000  seed=124248  ->  ../inputs/part3_samples/part3_s0792.in
Launching sample 793/1000  seed=124249  ->  ../inputs/part3_samples/part3_s0793.in
Launching sample 794/1000  seed=124250  ->  ../inputs/part3_samples/part3_s0794.in
Launching sample 795/1000  seed=124251  ->  ../inputs/part3_samples/part3_s0795.in
Launching sample 796/1000  seed=124252  ->  ../inputs/part3_samples/part3_s0796.in
Launching sample 797/1000  seed=124253  ->  ../inputs/part3_samples/part3_s0797.in
Launching sample 798/1000  seed=124254  ->  ../inputs/part3_samples/part3_s0798.in
Launching sample 799/1000  seed=124255  ->  ../inputs/part3_samples/part3_s0799.in
Launching sample 800/1000  seed=124256  ->  ../inputs/part3_samples/part3_s0800.in
Launching sample 801/1000  seed=124257  ->  ../inputs/part3_samples/part3_s0801.in
Launching sample 802/1000  seed=124258  ->  ../inputs/part3_samples/part3_s0802.in
Launching sample 803/1000  seed=124259  ->  ../inputs/part3_samples/part3_s0803.in
Launching sample 804/1000  seed=124260  ->  ../inputs/part3_samples/part3_s0804.in
Launching sample 805/1000  seed=124261  ->  ../inputs/part3_samples/part3_s0805.in
Launching sample 806/1000  seed=124262  ->  ../inputs/part3_samples/part3_s0806.in
Launching sample 807/1000  seed=124263  ->  ../inputs/part3_samples/part3_s0807.in
Launching sample 808/1000  seed=124264  ->  ../inputs/part3_samples/part3_s0808.in
Launching sample 809/1000  seed=124265  ->  ../inputs/part3_samples/part3_s0809.in
Launching sample 810/1000  seed=124266  ->  ../inputs/part3_samples/part3_s0810.in
Launching sample 811/1000  seed=124267  ->  ../inputs/part3_samples/part3_s0811.in
Launching sample 812/1000  seed=124268  ->  ../inputs/part3_samples/part3_s0812.in
Launching sample 813/1000  seed=124269  ->  ../inputs/part3_samples/part3_s0813.in
Launching sample 814/1000  seed=124270  ->  ../inputs/part3_samples/part3_s0814.in
Launching sample 815/1000  seed=124271  ->  ../inputs/part3_samples/part3_s0815.in
Launching sample 816/1000  seed=124272  ->  ../inputs/part3_samples/part3_s0816.in
Launching sample 817/1000  seed=124273  ->  ../inputs/part3_samples/part3_s0817.in
Launching sample 818/1000  seed=124274  ->  ../inputs/part3_samples/part3_s0818.in
Launching sample 819/1000  seed=124275  ->  ../inputs/part3_samples/part3_s0819.in
Launching sample 820/1000  seed=124276  ->  ../inputs/part3_samples/part3_s0820.in
Launching sample 821/1000  seed=124277  ->  ../inputs/part3_samples/part3_s0821.in
Launching sample 822/1000  seed=124278  ->  ../inputs/part3_samples/part3_s0822.in
Launching sample 823/1000  seed=124279  ->  ../inputs/part3_samples/part3_s0823.in
Launching sample 824/1000  seed=124280  ->  ../inputs/part3_samples/part3_s0824.in
Launching sample 825/1000  seed=124281  ->  ../inputs/part3_samples/part3_s0825.in
Launching sample 826/1000  seed=124282  ->  ../inputs/part3_samples/part3_s0826.in
Launching sample 827/1000  seed=124283  ->  ../inputs/part3_samples/part3_s0827.in
Launching sample 828/1000  seed=124284  ->  ../inputs/part3_samples/part3_s0828.in
Launching sample 829/1000  seed=124285  ->  ../inputs/part3_samples/part3_s0829.in
Launching sample 830/1000  seed=124286  ->  ../inputs/part3_samples/part3_s0830.in
Launching sample 831/1000  seed=124287  ->  ../inputs/part3_samples/part3_s0831.in
Launching sample 832/1000  seed=124288  ->  ../inputs/part3_samples/part3_s0832.in
Launching sample 833/1000  seed=124289  ->  ../inputs/part3_samples/part3_s0833.in
Launching sample 834/1000  seed=124290  ->  ../inputs/part3_samples/part3_s0834.in
Launching sample 835/1000  seed=124291  ->  ../inputs/part3_samples/part3_s0835.in
Launching sample 836/1000  seed=124292  ->  ../inputs/part3_samples/part3_s0836.in
Launching sample 837/1000  seed=124293  ->  ../inputs/part3_samples/part3_s0837.in
Launching sample 838/1000  seed=124294  ->  ../inputs/part3_samples/part3_s0838.in
Launching sample 839/1000  seed=124295  ->  ../inputs/part3_samples/part3_s0839.in
Launching sample 840/1000  seed=124296  ->  ../inputs/part3_samples/part3_s0840.in
Launching sample 841/1000  seed=124297  ->  ../inputs/part3_samples/part3_s0841.in
Launching sample 842/1000  seed=124298  ->  ../inputs/part3_samples/part3_s0842.in
Launching sample 843/1000  seed=124299  ->  ../inputs/part3_samples/part3_s0843.in
Launching sample 844/1000  seed=124300  ->  ../inputs/part3_samples/part3_s0844.in
Launching sample 845/1000  seed=124301  ->  ../inputs/part3_samples/part3_s0845.in
Launching sample 846/1000  seed=124302  ->  ../inputs/part3_samples/part3_s0846.in
Launching sample 847/1000  seed=124303  ->  ../inputs/part3_samples/part3_s0847.in
Launching sample 848/1000  seed=124304  ->  ../inputs/part3_samples/part3_s0848.in
Launching sample 849/1000  seed=124305  ->  ../inputs/part3_samples/part3_s0849.in
Launching sample 850/1000  seed=124306  ->  ../inputs/part3_samples/part3_s0850.in
Launching sample 851/1000  seed=124307  ->  ../inputs/part3_samples/part3_s0851.in
Launching sample 852/1000  seed=124308  ->  ../inputs/part3_samples/part3_s0852.in
Launching sample 853/1000  seed=124309  ->  ../inputs/part3_samples/part3_s0853.in
Launching sample 854/1000  seed=124310  ->  ../inputs/part3_samples/part3_s0854.in
Launching sample 855/1000  seed=124311  ->  ../inputs/part3_samples/part3_s0855.in
Launching sample 856/1000  seed=124312  ->  ../inputs/part3_samples/part3_s0856.in
Launching sample 857/1000  seed=124313  ->  ../inputs/part3_samples/part3_s0857.in
Launching sample 858/1000  seed=124314  ->  ../inputs/part3_samples/part3_s0858.in
Launching sample 859/1000  seed=124315  ->  ../inputs/part3_samples/part3_s0859.in
Launching sample 860/1000  seed=124316  ->  ../inputs/part3_samples/part3_s0860.in
Launching sample 861/1000  seed=124317  ->  ../inputs/part3_samples/part3_s0861.in
Launching sample 862/1000  seed=124318  ->  ../inputs/part3_samples/part3_s0862.in
Launching sample 863/1000  seed=124319  ->  ../inputs/part3_samples/part3_s0863.in
Launching sample 864/1000  seed=124320  ->  ../inputs/part3_samples/part3_s0864.in
Launching sample 865/1000  seed=124321  ->  ../inputs/part3_samples/part3_s0865.in
Launching sample 866/1000  seed=124322  ->  ../inputs/part3_samples/part3_s0866.in
Launching sample 867/1000  seed=124323  ->  ../inputs/part3_samples/part3_s0867.in
Launching sample 868/1000  seed=124324  ->  ../inputs/part3_samples/part3_s0868.in
Launching sample 869/1000  seed=124325  ->  ../inputs/part3_samples/part3_s0869.in
Launching sample 870/1000  seed=124326  ->  ../inputs/part3_samples/part3_s0870.in
Launching sample 871/1000  seed=124327  ->  ../inputs/part3_samples/part3_s0871.in
Launching sample 872/1000  seed=124328  ->  ../inputs/part3_samples/part3_s0872.in
Launching sample 873/1000  seed=124329  ->  ../inputs/part3_samples/part3_s0873.in
Launching sample 874/1000  seed=124330  ->  ../inputs/part3_samples/part3_s0874.in
Launching sample 875/1000  seed=124331  ->  ../inputs/part3_samples/part3_s0875.in
Launching sample 876/1000  seed=124332  ->  ../inputs/part3_samples/part3_s0876.in
Launching sample 877/1000  seed=124333  ->  ../inputs/part3_samples/part3_s0877.in
Launching sample 878/1000  seed=124334  ->  ../inputs/part3_samples/part3_s0878.in
Launching sample 879/1000  seed=124335  ->  ../inputs/part3_samples/part3_s0879.in
Launching sample 880/1000  seed=124336  ->  ../inputs/part3_samples/part3_s0880.in
Launching sample 881/1000  seed=124337  ->  ../inputs/part3_samples/part3_s0881.in
Launching sample 882/1000  seed=124338  ->  ../inputs/part3_samples/part3_s0882.in
Launching sample 883/1000  seed=124339  ->  ../inputs/part3_samples/part3_s0883.in
Launching sample 884/1000  seed=124340  ->  ../inputs/part3_samples/part3_s0884.in
Launching sample 885/1000  seed=124341  ->  ../inputs/part3_samples/part3_s0885.in
Launching sample 886/1000  seed=124342  ->  ../inputs/part3_samples/part3_s0886.in
Launching sample 887/1000  seed=124343  ->  ../inputs/part3_samples/part3_s0887.in
Launching sample 888/1000  seed=124344  ->  ../inputs/part3_samples/part3_s0888.in
Launching sample 889/1000  seed=124345  ->  ../inputs/part3_samples/part3_s0889.in
Launching sample 890/1000  seed=124346  ->  ../inputs/part3_samples/part3_s0890.in
Launching sample 891/1000  seed=124347  ->  ../inputs/part3_samples/part3_s0891.in
Launching sample 892/1000  seed=124348  ->  ../inputs/part3_samples/part3_s0892.in
Launching sample 893/1000  seed=124349  ->  ../inputs/part3_samples/part3_s0893.in
Launching sample 894/1000  seed=124350  ->  ../inputs/part3_samples/part3_s0894.in
Launching sample 895/1000  seed=124351  ->  ../inputs/part3_samples/part3_s0895.in
Launching sample 896/1000  seed=124352  ->  ../inputs/part3_samples/part3_s0896.in
Launching sample 897/1000  seed=124353  ->  ../inputs/part3_samples/part3_s0897.in
Launching sample 898/1000  seed=124354  ->  ../inputs/part3_samples/part3_s0898.in
Launching sample 899/1000  seed=124355  ->  ../inputs/part3_samples/part3_s0899.in
Launching sample 900/1000  seed=124356  ->  ../inputs/part3_samples/part3_s0900.in
Launching sample 901/1000  seed=124357  ->  ../inputs/part3_samples/part3_s0901.in
Launching sample 902/1000  seed=124358  ->  ../inputs/part3_samples/part3_s0902.in
Launching sample 903/1000  seed=124359  ->  ../inputs/part3_samples/part3_s0903.in
Launching sample 904/1000  seed=124360  ->  ../inputs/part3_samples/part3_s0904.in
Launching sample 905/1000  seed=124361  ->  ../inputs/part3_samples/part3_s0905.in
Launching sample 906/1000  seed=124362  ->  ../inputs/part3_samples/part3_s0906.in
Launching sample 907/1000  seed=124363  ->  ../inputs/part3_samples/part3_s0907.in
Launching sample 908/1000  seed=124364  ->  ../inputs/part3_samples/part3_s0908.in
Launching sample 909/1000  seed=124365  ->  ../inputs/part3_samples/part3_s0909.in
Launching sample 910/1000  seed=124366  ->  ../inputs/part3_samples/part3_s0910.in
Launching sample 911/1000  seed=124367  ->  ../inputs/part3_samples/part3_s0911.in
Launching sample 912/1000  seed=124368  ->  ../inputs/part3_samples/part3_s0912.in
Launching sample 913/1000  seed=124369  ->  ../inputs/part3_samples/part3_s0913.in
Launching sample 914/1000  seed=124370  ->  ../inputs/part3_samples/part3_s0914.in
Launching sample 915/1000  seed=124371  ->  ../inputs/part3_samples/part3_s0915.in
Launching sample 916/1000  seed=124372  ->  ../inputs/part3_samples/part3_s0916.in
Launching sample 917/1000  seed=124373  ->  ../inputs/part3_samples/part3_s0917.in
Launching sample 918/1000  seed=124374  ->  ../inputs/part3_samples/part3_s0918.in
Launching sample 919/1000  seed=124375  ->  ../inputs/part3_samples/part3_s0919.in
Launching sample 920/1000  seed=124376  ->  ../inputs/part3_samples/part3_s0920.in
Launching sample 921/1000  seed=124377  ->  ../inputs/part3_samples/part3_s0921.in
Launching sample 922/1000  seed=124378  ->  ../inputs/part3_samples/part3_s0922.in
Launching sample 923/1000  seed=124379  ->  ../inputs/part3_samples/part3_s0923.in
Launching sample 924/1000  seed=124380  ->  ../inputs/part3_samples/part3_s0924.in
Launching sample 925/1000  seed=124381  ->  ../inputs/part3_samples/part3_s0925.in
Launching sample 926/1000  seed=124382  ->  ../inputs/part3_samples/part3_s0926.in
Launching sample 927/1000  seed=124383  ->  ../inputs/part3_samples/part3_s0927.in
Launching sample 928/1000  seed=124384  ->  ../inputs/part3_samples/part3_s0928.in
Launching sample 929/1000  seed=124385  ->  ../inputs/part3_samples/part3_s0929.in
Launching sample 930/1000  seed=124386  ->  ../inputs/part3_samples/part3_s0930.in
Launching sample 931/1000  seed=124387  ->  ../inputs/part3_samples/part3_s0931.in
Launching sample 932/1000  seed=124388  ->  ../inputs/part3_samples/part3_s0932.in
Launching sample 933/1000  seed=124389  ->  ../inputs/part3_samples/part3_s0933.in
Launching sample 934/1000  seed=124390  ->  ../inputs/part3_samples/part3_s0934.in
Launching sample 935/1000  seed=124391  ->  ../inputs/part3_samples/part3_s0935.in
Launching sample 936/1000  seed=124392  ->  ../inputs/part3_samples/part3_s0936.in
Launching sample 937/1000  seed=124393  ->  ../inputs/part3_samples/part3_s0937.in
Launching sample 938/1000  seed=124394  ->  ../inputs/part3_samples/part3_s0938.in
Launching sample 939/1000  seed=124395  ->  ../inputs/part3_samples/part3_s0939.in
Launching sample 940/1000  seed=124396  ->  ../inputs/part3_samples/part3_s0940.in
Launching sample 941/1000  seed=124397  ->  ../inputs/part3_samples/part3_s0941.in
Launching sample 942/1000  seed=124398  ->  ../inputs/part3_samples/part3_s0942.in
Launching sample 943/1000  seed=124399  ->  ../inputs/part3_samples/part3_s0943.in
Launching sample 944/1000  seed=124400  ->  ../inputs/part3_samples/part3_s0944.in
Launching sample 945/1000  seed=124401  ->  ../inputs/part3_samples/part3_s0945.in
Launching sample 946/1000  seed=124402  ->  ../inputs/part3_samples/part3_s0946.in
Launching sample 947/1000  seed=124403  ->  ../inputs/part3_samples/part3_s0947.in
Launching sample 948/1000  seed=124404  ->  ../inputs/part3_samples/part3_s0948.in
Launching sample 949/1000  seed=124405  ->  ../inputs/part3_samples/part3_s0949.in
Launching sample 950/1000  seed=124406  ->  ../inputs/part3_samples/part3_s0950.in
Launching sample 951/1000  seed=124407  ->  ../inputs/part3_samples/part3_s0951.in
Launching sample 952/1000  seed=124408  ->  ../inputs/part3_samples/part3_s0952.in
Launching sample 953/1000  seed=124409  ->  ../inputs/part3_samples/part3_s0953.in
Launching sample 954/1000  seed=124410  ->  ../inputs/part3_samples/part3_s0954.in
Launching sample 955/1000  seed=124411  ->  ../inputs/part3_samples/part3_s0955.in
Launching sample 956/1000  seed=124412  ->  ../inputs/part3_samples/part3_s0956.in
Launching sample 957/1000  seed=124413  ->  ../inputs/part3_samples/part3_s0957.in
Launching sample 958/1000  seed=124414  ->  ../inputs/part3_samples/part3_s0958.in
Launching sample 959/1000  seed=124415  ->  ../inputs/part3_samples/part3_s0959.in
Launching sample 960/1000  seed=124416  ->  ../inputs/part3_samples/part3_s0960.in
Launching sample 961/1000  seed=124417  ->  ../inputs/part3_samples/part3_s0961.in
Launching sample 962/1000  seed=124418  ->  ../inputs/part3_samples/part3_s0962.in
Launching sample 963/1000  seed=124419  ->  ../inputs/part3_samples/part3_s0963.in
Launching sample 964/1000  seed=124420  ->  ../inputs/part3_samples/part3_s0964.in
Launching sample 965/1000  seed=124421  ->  ../inputs/part3_samples/part3_s0965.in
Launching sample 966/1000  seed=124422  ->  ../inputs/part3_samples/part3_s0966.in
Launching sample 967/1000  seed=124423  ->  ../inputs/part3_samples/part3_s0967.in
Launching sample 968/1000  seed=124424  ->  ../inputs/part3_samples/part3_s0968.in
Launching sample 969/1000  seed=124425  ->  ../inputs/part3_samples/part3_s0969.in
Launching sample 970/1000  seed=124426  ->  ../inputs/part3_samples/part3_s0970.in
Launching sample 971/1000  seed=124427  ->  ../inputs/part3_samples/part3_s0971.in
Launching sample 972/1000  seed=124428  ->  ../inputs/part3_samples/part3_s0972.in
Launching sample 973/1000  seed=124429  ->  ../inputs/part3_samples/part3_s0973.in
Launching sample 974/1000  seed=124430  ->  ../inputs/part3_samples/part3_s0974.in
Launching sample 975/1000  seed=124431  ->  ../inputs/part3_samples/part3_s0975.in
Launching sample 976/1000  seed=124432  ->  ../inputs/part3_samples/part3_s0976.in
Launching sample 977/1000  seed=124433  ->  ../inputs/part3_samples/part3_s0977.in
Launching sample 978/1000  seed=124434  ->  ../inputs/part3_samples/part3_s0978.in
Launching sample 979/1000  seed=124435  ->  ../inputs/part3_samples/part3_s0979.in
Launching sample 980/1000  seed=124436  ->  ../inputs/part3_samples/part3_s0980.in
Launching sample 981/1000  seed=124437  ->  ../inputs/part3_samples/part3_s0981.in
Launching sample 982/1000  seed=124438  ->  ../inputs/part3_samples/part3_s0982.in
Launching sample 983/1000  seed=124439  ->  ../inputs/part3_samples/part3_s0983.in
Launching sample 984/1000  seed=124440  ->  ../inputs/part3_samples/part3_s0984.in
Launching sample 985/1000  seed=124441  ->  ../inputs/part3_samples/part3_s0985.in
Launching sample 986/1000  seed=124442  ->  ../inputs/part3_samples/part3_s0986.in
Launching sample 987/1000  seed=124443  ->  ../inputs/part3_samples/part3_s0987.in
Launching sample 988/1000  seed=124444  ->  ../inputs/part3_samples/part3_s0988.in
Launching sample 989/1000  seed=124445  ->  ../inputs/part3_samples/part3_s0989.in
Launching sample 990/1000  seed=124446  ->  ../inputs/part3_samples/part3_s0990.in
Launching sample 991/1000  seed=124447  ->  ../inputs/part3_samples/part3_s0991.in
Launching sample 992/1000  seed=124448  ->  ../inputs/part3_samples/part3_s0992.in
Launching sample 993/1000  seed=124449  ->  ../inputs/part3_samples/part3_s0993.in
Launching sample 994/1000  seed=124450  ->  ../inputs/part3_samples/part3_s0994.in
Launching sample 995/1000  seed=124451  ->  ../inputs/part3_samples/part3_s0995.in
Launching sample 996/1000  seed=124452  ->  ../inputs/part3_samples/part3_s0996.in
Launching sample 997/1000  seed=124453  ->  ../inputs/part3_samples/part3_s0997.in
Launching sample 998/1000  seed=124454  ->  ../inputs/part3_samples/part3_s0998.in
Launching sample 999/1000  seed=124455  ->  ../inputs/part3_samples/part3_s0999.in
Launching sample 1000/1000  seed=124456  ->  ../inputs/part3_samples/part3_s1000.in
All runs finished.
