Job started on Sat Mar 28 12:49:37 CET 2026
rm -f *.o *.mod exchange_mc *.x fort.*
gfortran -O2 -g -Wall -Wextra -fcheck=all -fbacktrace -c parameters.f90
gfortran -O2 -g -Wall -Wextra -fcheck=all -fbacktrace -c lattice.f90
gfortran -O2 -g -Wall -Wextra -fcheck=all -fbacktrace -c rng_wrapper.f90
gfortran -O2 -g -Wall -Wextra -fcheck=all -fbacktrace -c bonds.f90
gfortran -O2 -g -Wall -Wextra -fcheck=all -fbacktrace -c exchangeMC.f90
gfortran -O2 -g -Wall -Wextra -fcheck=all -fbacktrace -c main.f90
gfortran -O2 -g -Wall -Wextra -fcheck=all -fbacktrace -I./r1279 -c r1279/r1279.f90 -o r1279.o
gfortran -O2 -g -Wall -Wextra -fcheck=all -fbacktrace -c r1279/ran2.f -o ran2.o
gfortran -O2 -g -Wall -Wextra -fcheck=all -fbacktrace -o exchange_mc parameters.o lattice.o rng_wrapper.o bonds.o exchangeMC.o main.o r1279.o ran2.o
./exchange_mc ../inputs/part2.in
 N=         400
 z=           4
 N=         400
 z=           4
 temp_list=   1.0000000000000000        1.1000000000000001        1.2000000000000000        1.3000000000000000        1.3999999999999999        1.5000000000000000        1.6000000000000001        1.7000000000000000        1.8000000000000000        1.8999999999999999        2.0000000000000000        2.1000000000000001        2.2000000000000002        2.2999999999999998        2.3999999999999999        2.5000000000000000        2.6000000000000001        2.7000000000000002        2.7999999999999998        2.8999999999999999        3.0000000000000000     
 Post-transient swap statistics will be measured after MCS =               500000
 Swap acceptance rates after transient:
  pair      Tk          Tk+1        rateA       rateB
   1     1.00000     1.10000    0.8719    0.8731
   2     1.10000     1.20000    0.8190    0.8187
   3     1.20000     1.30000    0.7716    0.7696
   4     1.30000     1.40000    0.7316    0.7303
   5     1.40000     1.50000    0.6977    0.6975
   6     1.50000     1.60000    0.6687    0.6687
   7     1.60000     1.70000    0.6414    0.6437
   8     1.70000     1.80000    0.6178    0.6191
   9     1.80000     1.90000    0.5922    0.5927
  10     1.90000     2.00000    0.5657    0.5650
  11     2.00000     2.10000    0.5320    0.5314
  12     2.10000     2.20000    0.4871    0.4865
  13     2.20000     2.30000    0.4341    0.4353
  14     2.30000     2.40000    0.4460    0.4442
  15     2.40000     2.50000    0.5312    0.5308
  16     2.50000     2.60000    0.6101    0.6101
  17     2.60000     2.70000    0.6637    0.6626
  18     2.70000     2.80000    0.7008    0.7017
  19     2.80000     2.90000    0.7312    0.7307
  20     2.90000     3.00000    0.7559    0.7542

 OK: all post-transient swap acceptance rates are >= 0.3
mv *.dat ../results/
gfortran -O2 -g -Wall -Wextra -fcheck=all -fbacktrace -c binning.f90
gfortran -O2 -g -Wall -Wextra -fcheck=all -fbacktrace -c main_binning.f90
gfortran -O2 -g -Wall -Wextra -fcheck=all -fbacktrace -o main_binning.x binning.o main_binning.o
./main_binning.x
Job finished on Sat Mar 28 13:35:26 CET 2026
