r1279/r1279.f90:68:13:

     IMPLICIT NONE
             1
Warning: Nonconforming tab character at (1) [-Wtabs]
r1279/r1279.f90:70:12:

     INTEGER ibit, ispoke, one_bit, iseed, localseed, NBITM1
            1
Warning: Nonconforming tab character at (1) [-Wtabs]
r1279/r1279.f90:71:9:

     REAL ran2
         1
Warning: Nonconforming tab character at (1) [-Wtabs]
r1279/r1279.f90:83:1:

  index1(ispoke) = iand(ispoke - 1279, 2047)
 1
Warning: Nonconforming tab character at (1) [-Wtabs]
r1279/r1279.f90:84:1:

  index2(ispoke) = iand(ispoke - 418, 2047)
 1
Warning: Nonconforming tab character at (1) [-Wtabs]
r1279/r1279.f90:98:1:

  irand(ispoke) = 0
 1
Warning: Nonconforming tab character at (1) [-Wtabs]
r1279/r1279.f90:99:1:

  do ibit = 0, NBITM1
 1
Warning: Nonconforming tab character at (1) [-Wtabs]
r1279/r1279.f90:100:1:

      one_bit = 0
 1
Warning: Nonconforming tab character at (1) [-Wtabs]
r1279/r1279.f90:101:1:

      if (ran2(localseed) > 0.5) one_bit = 1
 1
Warning: Nonconforming tab character at (1) [-Wtabs]
r1279/r1279.f90:102:1:

      irand(ispoke) = ior(irand(ispoke), ishft(one_bit, ibit))
 1
Warning: Nonconforming tab character at (1) [-Wtabs]
r1279/r1279.f90:103:1:

  end do
 1
Warning: Nonconforming tab character at (1) [-Wtabs]
r1279/r1279.f90:104:1:

  irand(ispoke) = 2 * irand(ispoke) + 1
 1
Warning: Nonconforming tab character at (1) [-Wtabs]
r1279/r1279.f90:24:26:

     REAL    r1279, inv_max
                          1
Warning: Unused variable ‘inv_max’ declared at (1) [-Wunused-variable]
r1279/ran2.f:6:25:

      *NTAB=32,NDIV=1+IMM1/NTAB,EPS=1.2e-7,RNMX=1.-EPS)
                         1
Warning: Integer division truncated to constant ‘67108861’ at (1) [-Winteger-division]
r1279/ran2.f:4:56:

       PARAMETER (IM1=2147483563,IM2=2147483399,AM=1./IM1,IMM1=IM1-1,
                                                        1
Warning: Change of value in conversion from ‘INTEGER(4)’ to ‘REAL(4)’ at (1) [-Wconversion]
r1279/ran2.f:17:28:

r1279/ran2.f:13:72:

         do 11 j=NTAB+8,1,-1
                                                                        2
r1279/ran2.f:17:28:

           if (j.le.NTAB) iv(j)=idum
                            1
Warning: Array reference at (1) out of bounds (40 > 32) in loop beginning at (2) [-Wdo-subscript]
make: Warning: File 'exchange_mc' has modification time 0.96 s in the future
make: warning:  Clock skew detected.  Your build may be incomplete.
