Job started on Fri Mar 27 15:39:48 CET 2026
rm -f *.o *.mod exchange_mc *.x fort.*
gfortran -O2 -g -Wall -Wextra -fcheck=all -fbacktrace -c parameters.f90
gfortran -O2 -g -Wall -Wextra -fcheck=all -fbacktrace -c lattice.f90
gfortran -O2 -g -Wall -Wextra -fcheck=all -fbacktrace -c rng_wrapper.f90
gfortran -O2 -g -Wall -Wextra -fcheck=all -fbacktrace -c bonds.f90
gfortran -O2 -g -Wall -Wextra -fcheck=all -fbacktrace -c exchangeMC.f90
gfortran -O2 -g -Wall -Wextra -fcheck=all -fbacktrace -c main.f90
gfortran -O2 -g -Wall -Wextra -fcheck=all -fbacktrace -I./r1279 -c r1279/r1279.f90 -o r1279.o
gfortran -O2 -g -Wall -Wextra -fcheck=all -fbacktrace -c r1279/ran2.f -o ran2.o
gfortran -O2 -g -Wall -Wextra -fcheck=all -fbacktrace -o exchange_mc parameters.o lattice.o rng_wrapper.o bonds.o exchangeMC.o main.o r1279.o ran2.o
./exchange_mc ../inputs/part2.in
 N=         400
 z=           4
 N=         400
 z=           4
 temp_list=   1.0000000000000000        1.1000000000000001        1.2000000000000000        1.3000000000000000        1.3999999999999999        1.5000000000000000        1.6000000000000001        1.7000000000000000        1.8000000000000000        1.8999999999999999        2.0000000000000000        2.1000000000000001        2.2000000000000002        2.2999999999999998        2.3999999999999999        2.5000000000000000        2.6000000000000001        2.7000000000000002        2.7999999999999998        2.8999999999999999        3.0000000000000000     
 Post-transient swap statistics will be measured after MCS =               100000
 Swap acceptance rates after transient:
  pair      Tk          Tk+1        rateA       rateB
   1     1.00000     1.10000    0.8718    0.8742
   2     1.10000     1.20000    0.8178    0.8195
   3     1.20000     1.30000    0.7731    0.7709
   4     1.30000     1.40000    0.7348    0.7310
   5     1.40000     1.50000    0.6976    0.6993
   6     1.50000     1.60000    0.6697    0.6640
   7     1.60000     1.70000    0.6421    0.6456
   8     1.70000     1.80000    0.6153    0.6191
   9     1.80000     1.90000    0.5904    0.5937
  10     1.90000     2.00000    0.5644    0.5654
  11     2.00000     2.10000    0.5325    0.5275
  12     2.10000     2.20000    0.4859    0.4848
  13     2.20000     2.30000    0.4345    0.4339
  14     2.30000     2.40000    0.4440    0.4437
  15     2.40000     2.50000    0.5306    0.5315
  16     2.50000     2.60000    0.6132    0.6075
  17     2.60000     2.70000    0.6613    0.6628
  18     2.70000     2.80000    0.7014    0.6986
  19     2.80000     2.90000    0.7306    0.7332
  20     2.90000     3.00000    0.7532    0.7507

 OK: all post-transient swap acceptance rates are >= 0.3
mv *.dat ../results/
gfortran -O2 -g -Wall -Wextra -fcheck=all -fbacktrace -c binning.f90
gfortran -O2 -g -Wall -Wextra -fcheck=all -fbacktrace -c main_binning.f90
gfortran -O2 -g -Wall -Wextra -fcheck=all -fbacktrace -o main_binning.x binning.o main_binning.o
./main_binning.x
Job finished on Fri Mar 27 15:49:58 CET 2026
